[ 2016-09-16T09:09:48+08:00 ] 127.0.0.1 /admin.php
INFO: [ app_init ] --START--
INFO: Run Behavior\BuildLiteBehavior [ RunTime:0.000017s ]
INFO: [ app_init ] --END-- [ RunTime:0.000943s ]
INFO: [ app_begin ] --START--
INFO: Run Behavior\ReadHtmlCacheBehavior [ RunTime:0.004543s ]
INFO: [ app_begin ] --END-- [ RunTime:0.004631s ]

[ 2016-09-16T09:09:49+08:00 ] 127.0.0.1 /admin.php/Login/index.html
INFO: [ app_init ] --START--
INFO: Run Behavior\BuildLiteBehavior [ RunTime:0.000016s ]
INFO: [ app_init ] --END-- [ RunTime:0.000859s ]
INFO: [ app_begin ] --START--
INFO: Run Behavior\ReadHtmlCacheBehavior [ RunTime:0.004006s ]
INFO: [ app_begin ] --END-- [ RunTime:0.004072s ]
INFO: [ view_parse ] --START--
INFO: [ template_filter ] --START--
INFO: Run Behavior\ContentReplaceBehavior [ RunTime:0.000054s ]
INFO: [ template_filter ] --END-- [ RunTime:0.000113s ]
INFO: Run Behavior\ParseTemplateBehavior [ RunTime:0.032399s ]
INFO: [ view_parse ] --END-- [ RunTime:0.032471s ]
INFO: [ view_filter ] --START--
INFO: Run Behavior\WriteHtmlCacheBehavior [ RunTime:0.003898s ]
INFO: [ view_filter ] --END-- [ RunTime:0.003941s ]
INFO: [ app_end ] --START--
INFO: Run Behavior\ShowPageTraceBehavior [ RunTime:0.004613s ]
INFO: [ app_end ] --END-- [ RunTime:0.004671s ]

[ 2016-09-16T09:09:49+08:00 ] 127.0.0.1 /admin.php/Login/verify.html
INFO: [ app_init ] --START--
INFO: Run Behavior\BuildLiteBehavior [ RunTime:0.000021s ]
INFO: [ app_init ] --END-- [ RunTime:0.001168s ]
INFO: [ app_begin ] --START--
INFO: Run Behavior\ReadHtmlCacheBehavior [ RunTime:0.004291s ]
INFO: [ app_begin ] --END-- [ RunTime:0.004367s ]
INFO: [ app_end ] --START--
INFO: Run Behavior\ShowPageTraceBehavior [ RunTime:0.006147s ]
INFO: [ app_end ] --END-- [ RunTime:0.006274s ]

[ 2016-09-16T09:10:00+08:00 ] 127.0.0.1 /admin.php/Login/login.html
INFO: [ app_init ] --START--
INFO: Run Behavior\BuildLiteBehavior [ RunTime:0.000015s ]
INFO: [ app_init ] --END-- [ RunTime:0.000813s ]
INFO: [ app_begin ] --START--
INFO: Run Behavior\ReadHtmlCacheBehavior [ RunTime:0.003915s ]
INFO: [ app_begin ] --END-- [ RunTime:0.003978s ]
SQL: SHOW COLUMNS FROM `wb_admin` [ RunTime:0.0274s ]
SQL: SELECT * FROM `wb_admin` WHERE `username` = 'admin' LIMIT 1   [ RunTime:0.0005s ]
SQL: UPDATE `wb_admin` SET `logintime`='1473988200',`loginip`='127.0.0.1' WHERE `id` = 1 [ RunTime:0.0297s ]
INFO: [ view_parse ] --START--
INFO: [ template_filter ] --START--
INFO: Run Behavior\ContentReplaceBehavior [ RunTime:0.000136s ]
INFO: [ template_filter ] --END-- [ RunTime:0.000300s ]
INFO: Run Behavior\ParseTemplateBehavior [ RunTime:0.076039s ]
INFO: [ view_parse ] --END-- [ RunTime:0.076185s ]
INFO: [ view_filter ] --START--
INFO: Run Behavior\WriteHtmlCacheBehavior [ RunTime:0.014032s ]
INFO: [ view_filter ] --END-- [ RunTime:0.014195s ]
INFO: [ app_end ] --START--
INFO: Run Behavior\ShowPageTraceBehavior [ RunTime:0.012386s ]
INFO: [ app_end ] --END-- [ RunTime:0.012539s ]

[ 2016-09-16T09:10:01+08:00 ] 127.0.0.1 /admin.php
INFO: [ app_init ] --START--
INFO: Run Behavior\BuildLiteBehavior [ RunTime:0.000016s ]
INFO: [ app_init ] --END-- [ RunTime:0.000816s ]
INFO: [ app_begin ] --START--
INFO: Run Behavior\ReadHtmlCacheBehavior [ RunTime:0.003960s ]
INFO: [ app_begin ] --END-- [ RunTime:0.004026s ]
INFO: [ view_parse ] --START--
INFO: [ template_filter ] --START--
INFO: Run Behavior\ContentReplaceBehavior [ RunTime:0.000056s ]
INFO: [ template_filter ] --END-- [ RunTime:0.000111s ]
NOTIC: [8] Undefined index: admin F:\weibo\Admin\Runtime\Cache\Home\55843b8195cd32862e5dfa640df6e51d.php 第 44 行.
INFO: Run Behavior\ParseTemplateBehavior [ RunTime:0.040839s ]
INFO: [ view_parse ] --END-- [ RunTime:0.040902s ]
INFO: [ view_filter ] --START--
INFO: Run Behavior\WriteHtmlCacheBehavior [ RunTime:0.003973s ]
INFO: [ view_filter ] --END-- [ RunTime:0.004021s ]
INFO: [ app_end ] --START--
INFO: Run Behavior\ShowPageTraceBehavior [ RunTime:0.004323s ]
INFO: [ app_end ] --END-- [ RunTime:0.004378s ]

[ 2016-09-16T09:10:02+08:00 ] 127.0.0.1 /admin.php/Index/copy.html
INFO: [ app_init ] --START--
INFO: Run Behavior\BuildLiteBehavior [ RunTime:0.000028s ]
INFO: [ app_init ] --END-- [ RunTime:0.001971s ]
INFO: [ app_begin ] --START--
INFO: Run Behavior\ReadHtmlCacheBehavior [ RunTime:0.007322s ]
INFO: [ app_begin ] --END-- [ RunTime:0.007579s ]
SQL: SHOW COLUMNS FROM `wb_user` [ RunTime:0.0062s ]
SQL: SELECT COUNT(*) AS tp_count FROM `wb_user` LIMIT 1   [ RunTime:0.0003s ]
SQL: SELECT COUNT(*) AS tp_count FROM `wb_user` WHERE `lock` = 1 LIMIT 1   [ RunTime:0.0003s ]
SQL: SHOW COLUMNS FROM `wb_weibo` [ RunTime:0.0043s ]
SQL: SELECT COUNT(*) AS tp_count FROM `wb_weibo` WHERE `isturn` = 0 LIMIT 1   [ RunTime:0.0004s ]
SQL: SELECT COUNT(*) AS tp_count FROM `wb_weibo` WHERE `isturn` > 0 LIMIT 1   [ RunTime:0.0003s ]
SQL: SHOW COLUMNS FROM `wb_comment` [ RunTime:0.0735s ]
SQL: SELECT COUNT(*) AS tp_count FROM `wb_comment` LIMIT 1   [ RunTime:0.0003s ]
INFO: [ view_parse ] --START--
INFO: [ template_filter ] --START--
INFO: Run Behavior\ContentReplaceBehavior [ RunTime:0.000052s ]
INFO: [ template_filter ] --END-- [ RunTime:0.000110s ]
NOTIC: [8192] mysql_get_server_info(): The mysql extension is deprecated and will be removed in the future: use mysqli or PDO instead F:\weibo\Admin\Runtime\Cache\Home\2a35c4b150c9876596998044df5bd96d.php 第 28 行.
NOTIC: [2] mysql_get_server_info(): Access denied for user ''@'localhost' (using password: NO) F:\weibo\Admin\Runtime\Cache\Home\2a35c4b150c9876596998044df5bd96d.php 第 28 行.
NOTIC: [2] mysql_get_server_info(): A link to the server could not be established F:\weibo\Admin\Runtime\Cache\Home\2a35c4b150c9876596998044df5bd96d.php 第 28 行.
INFO: Run Behavior\ParseTemplateBehavior [ RunTime:0.052050s ]
INFO: [ view_parse ] --END-- [ RunTime:0.052109s ]
INFO: [ view_filter ] --START--
INFO: Run Behavior\WriteHtmlCacheBehavior [ RunTime:0.004624s ]
INFO: [ view_filter ] --END-- [ RunTime:0.004677s ]
INFO: [ app_end ] --START--
INFO: Run Behavior\ShowPageTraceBehavior [ RunTime:0.005650s ]
INFO: [ app_end ] --END-- [ RunTime:0.005710s ]

[ 2016-09-16T09:10:24+08:00 ] 127.0.0.1 /admin.php/System/filter.html
INFO: [ app_init ] --START--
INFO: Run Behavior\BuildLiteBehavior [ RunTime:0.000014s ]
INFO: [ app_init ] --END-- [ RunTime:0.000811s ]
INFO: [ app_begin ] --START--
INFO: Run Behavior\ReadHtmlCacheBehavior [ RunTime:0.003875s ]
INFO: [ app_begin ] --END-- [ RunTime:0.003935s ]
INFO: [ view_parse ] --START--
INFO: [ template_filter ] --START--
INFO: Run Behavior\ContentReplaceBehavior [ RunTime:0.000045s ]
INFO: [ template_filter ] --END-- [ RunTime:0.000102s ]
INFO: Run Behavior\ParseTemplateBehavior [ RunTime:0.054401s ]
INFO: [ view_parse ] --END-- [ RunTime:0.054470s ]
INFO: [ view_filter ] --START--
INFO: Run Behavior\WriteHtmlCacheBehavior [ RunTime:0.003943s ]
INFO: [ view_filter ] --END-- [ RunTime:0.003990s ]
INFO: [ app_end ] --START--
INFO: Run Behavior\ShowPageTraceBehavior [ RunTime:0.003925s ]
INFO: [ app_end ] --END-- [ RunTime:0.003972s ]

[ 2016-09-16T09:10:26+08:00 ] 127.0.0.1 /admin.php/System/index.html
INFO: [ app_init ] --START--
INFO: Run Behavior\BuildLiteBehavior [ RunTime:0.000016s ]
INFO: [ app_init ] --END-- [ RunTime:0.000873s ]
INFO: [ app_begin ] --START--
INFO: Run Behavior\ReadHtmlCacheBehavior [ RunTime:0.003901s ]
INFO: [ app_begin ] --END-- [ RunTime:0.003967s ]

[ 2016-09-16T09:11:06+08:00 ] 127.0.0.1 /admin.php/System/index.html
INFO: [ app_init ] --START--
INFO: Run Behavior\BuildLiteBehavior [ RunTime:0.000016s ]
INFO: [ app_init ] --END-- [ RunTime:0.000910s ]
INFO: [ app_begin ] --START--
INFO: Run Behavior\ReadHtmlCacheBehavior [ RunTime:0.003806s ]
INFO: [ app_begin ] --END-- [ RunTime:0.003877s ]
INFO: [ view_parse ] --START--
INFO: [ template_filter ] --START--
INFO: Run Behavior\ContentReplaceBehavior [ RunTime:0.000048s ]
INFO: [ template_filter ] --END-- [ RunTime:0.000104s ]
NOTIC: [8] Undefined variable: config F:\weibo\Admin\Runtime\Cache\Home\143e1f9455905b66544235019e6914ce.php 第 19 行.
NOTIC: [8] Undefined variable: config F:\weibo\Admin\Runtime\Cache\Home\143e1f9455905b66544235019e6914ce.php 第 25 行.
NOTIC: [8] Undefined variable: config F:\weibo\Admin\Runtime\Cache\Home\143e1f9455905b66544235019e6914ce.php 第 31 行.
NOTIC: [8] Undefined variable: config F:\weibo\Admin\Runtime\Cache\Home\143e1f9455905b66544235019e6914ce.php 第 32 行.
INFO: Run Behavior\ParseTemplateBehavior [ RunTime:0.038912s ]
INFO: [ view_parse ] --END-- [ RunTime:0.038988s ]
INFO: [ view_filter ] --START--
INFO: Run Behavior\WriteHtmlCacheBehavior [ RunTime:0.003854s ]
INFO: [ view_filter ] --END-- [ RunTime:0.003895s ]
INFO: [ app_end ] --START--
INFO: Run Behavior\ShowPageTraceBehavior [ RunTime:0.003877s ]
INFO: [ app_end ] --END-- [ RunTime:0.003925s ]

[ 2016-09-16T09:11:07+08:00 ] 127.0.0.1 /admin.php/System/index.html
INFO: [ app_init ] --START--
INFO: Run Behavior\BuildLiteBehavior [ RunTime:0.000025s ]
INFO: [ app_init ] --END-- [ RunTime:0.000846s ]
INFO: [ app_begin ] --START--
INFO: Run Behavior\ReadHtmlCacheBehavior [ RunTime:0.003882s ]
INFO: [ app_begin ] --END-- [ RunTime:0.003950s ]
INFO: [ view_parse ] --START--
INFO: [ template_filter ] --START--
INFO: Run Behavior\ContentReplaceBehavior [ RunTime:0.000048s ]
INFO: [ template_filter ] --END-- [ RunTime:0.000105s ]
NOTIC: [8] Undefined variable: config F:\weibo\Admin\Runtime\Cache\Home\143e1f9455905b66544235019e6914ce.php 第 19 行.
NOTIC: [8] Undefined variable: config F:\weibo\Admin\Runtime\Cache\Home\143e1f9455905b66544235019e6914ce.php 第 25 行.
NOTIC: [8] Undefined variable: config F:\weibo\Admin\Runtime\Cache\Home\143e1f9455905b66544235019e6914ce.php 第 31 行.
NOTIC: [8] Undefined variable: config F:\weibo\Admin\Runtime\Cache\Home\143e1f9455905b66544235019e6914ce.php 第 32 行.
INFO: Run Behavior\ParseTemplateBehavior [ RunTime:0.021440s ]
INFO: [ view_parse ] --END-- [ RunTime:0.021501s ]
INFO: [ view_filter ] --START--
INFO: Run Behavior\WriteHtmlCacheBehavior [ RunTime:0.004462s ]
INFO: [ view_filter ] --END-- [ RunTime:0.004544s ]
INFO: [ app_end ] --START--
INFO: Run Behavior\ShowPageTraceBehavior [ RunTime:0.004091s ]
INFO: [ app_end ] --END-- [ RunTime:0.004143s ]

[ 2016-09-16T09:11:07+08:00 ] 127.0.0.1 /admin.php/System/index.html
INFO: [ app_init ] --START--
INFO: Run Behavior\BuildLiteBehavior [ RunTime:0.000015s ]
INFO: [ app_init ] --END-- [ RunTime:0.000798s ]
INFO: [ app_begin ] --START--
INFO: Run Behavior\ReadHtmlCacheBehavior [ RunTime:0.003782s ]
INFO: [ app_begin ] --END-- [ RunTime:0.003846s ]
INFO: [ view_parse ] --START--
INFO: [ template_filter ] --START--
INFO: Run Behavior\ContentReplaceBehavior [ RunTime:0.000085s ]
INFO: [ template_filter ] --END-- [ RunTime:0.000187s ]
NOTIC: [8] Undefined variable: config F:\weibo\Admin\Runtime\Cache\Home\143e1f9455905b66544235019e6914ce.php 第 19 行.
NOTIC: [8] Undefined variable: config F:\weibo\Admin\Runtime\Cache\Home\143e1f9455905b66544235019e6914ce.php 第 25 行.
NOTIC: [8] Undefined variable: config F:\weibo\Admin\Runtime\Cache\Home\143e1f9455905b66544235019e6914ce.php 第 31 行.
NOTIC: [8] Undefined variable: config F:\weibo\Admin\Runtime\Cache\Home\143e1f9455905b66544235019e6914ce.php 第 32 行.
INFO: Run Behavior\ParseTemplateBehavior [ RunTime:0.024972s ]
INFO: [ view_parse ] --END-- [ RunTime:0.025034s ]
INFO: [ view_filter ] --START--
INFO: Run Behavior\WriteHtmlCacheBehavior [ RunTime:0.004024s ]
INFO: [ view_filter ] --END-- [ RunTime:0.004074s ]
INFO: [ app_end ] --START--
INFO: Run Behavior\ShowPageTraceBehavior [ RunTime:0.004765s ]
INFO: [ app_end ] --END-- [ RunTime:0.004826s ]

[ 2016-09-16T09:11:42+08:00 ] 127.0.0.1 /admin.php/System/index.html
INFO: [ app_init ] --START--
INFO: Run Behavior\BuildLiteBehavior [ RunTime:0.000015s ]
INFO: [ app_init ] --END-- [ RunTime:0.000820s ]
INFO: [ app_begin ] --START--
INFO: Run Behavior\ReadHtmlCacheBehavior [ RunTime:0.003854s ]
INFO: [ app_begin ] --END-- [ RunTime:0.003912s ]
INFO: [ view_parse ] --START--
INFO: [ template_filter ] --START--
INFO: Run Behavior\ContentReplaceBehavior [ RunTime:0.000065s ]
INFO: [ template_filter ] --END-- [ RunTime:0.000131s ]
NOTIC: [8] Undefined variable: config F:\weibo\Admin\Runtime\Cache\Home\143e1f9455905b66544235019e6914ce.php 第 19 行.
NOTIC: [8] Undefined variable: config F:\weibo\Admin\Runtime\Cache\Home\143e1f9455905b66544235019e6914ce.php 第 25 行.
NOTIC: [8] Undefined variable: config F:\weibo\Admin\Runtime\Cache\Home\143e1f9455905b66544235019e6914ce.php 第 31 行.
NOTIC: [8] Undefined variable: config F:\weibo\Admin\Runtime\Cache\Home\143e1f9455905b66544235019e6914ce.php 第 32 行.
INFO: Run Behavior\ParseTemplateBehavior [ RunTime:0.021871s ]
INFO: [ view_parse ] --END-- [ RunTime:0.021926s ]
INFO: [ view_filter ] --START--
INFO: Run Behavior\WriteHtmlCacheBehavior [ RunTime:0.003797s ]
INFO: [ view_filter ] --END-- [ RunTime:0.003840s ]
INFO: [ app_end ] --START--
INFO: Run Behavior\ShowPageTraceBehavior [ RunTime:0.004297s ]
INFO: [ app_end ] --END-- [ RunTime:0.004358s ]

[ 2016-09-16T09:11:43+08:00 ] 127.0.0.1 /admin.php/System/index.html
INFO: [ app_init ] --START--
INFO: Run Behavior\BuildLiteBehavior [ RunTime:0.000016s ]
INFO: [ app_init ] --END-- [ RunTime:0.000807s ]
INFO: [ app_begin ] --START--
INFO: Run Behavior\ReadHtmlCacheBehavior [ RunTime:0.003971s ]
INFO: [ app_begin ] --END-- [ RunTime:0.004033s ]
INFO: [ view_parse ] --START--
INFO: [ template_filter ] --START--
INFO: Run Behavior\ContentReplaceBehavior [ RunTime:0.000047s ]
INFO: [ template_filter ] --END-- [ RunTime:0.000103s ]
NOTIC: [8] Undefined variable: config F:\weibo\Admin\Runtime\Cache\Home\143e1f9455905b66544235019e6914ce.php 第 19 行.
NOTIC: [8] Undefined variable: config F:\weibo\Admin\Runtime\Cache\Home\143e1f9455905b66544235019e6914ce.php 第 25 行.
NOTIC: [8] Undefined variable: config F:\weibo\Admin\Runtime\Cache\Home\143e1f9455905b66544235019e6914ce.php 第 31 行.
NOTIC: [8] Undefined variable: config F:\weibo\Admin\Runtime\Cache\Home\143e1f9455905b66544235019e6914ce.php 第 32 行.
INFO: Run Behavior\ParseTemplateBehavior [ RunTime:0.021362s ]
INFO: [ view_parse ] --END-- [ RunTime:0.021435s ]
INFO: [ view_filter ] --START--
INFO: Run Behavior\WriteHtmlCacheBehavior [ RunTime:0.004132s ]
INFO: [ view_filter ] --END-- [ RunTime:0.004261s ]
INFO: [ app_end ] --START--
INFO: Run Behavior\ShowPageTraceBehavior [ RunTime:0.004123s ]
INFO: [ app_end ] --END-- [ RunTime:0.004186s ]

[ 2016-09-16T09:11:45+08:00 ] 127.0.0.1 /admin.php
INFO: [ app_init ] --START--
INFO: Run Behavior\BuildLiteBehavior [ RunTime:0.000015s ]
INFO: [ app_init ] --END-- [ RunTime:0.000794s ]
INFO: [ app_begin ] --START--
INFO: Run Behavior\ReadHtmlCacheBehavior [ RunTime:0.004072s ]
INFO: [ app_begin ] --END-- [ RunTime:0.004133s ]
INFO: [ view_parse ] --START--
INFO: [ template_filter ] --START--
INFO: Run Behavior\ContentReplaceBehavior [ RunTime:0.000059s ]
INFO: [ template_filter ] --END-- [ RunTime:0.000121s ]
NOTIC: [8] Undefined index: admin F:\weibo\Admin\Runtime\Cache\Home\55843b8195cd32862e5dfa640df6e51d.php 第 44 行.
INFO: Run Behavior\ParseTemplateBehavior [ RunTime:0.023846s ]
INFO: [ view_parse ] --END-- [ RunTime:0.023906s ]
INFO: [ view_filter ] --START--
INFO: Run Behavior\WriteHtmlCacheBehavior [ RunTime:0.004120s ]
INFO: [ view_filter ] --END-- [ RunTime:0.004163s ]
INFO: [ app_end ] --START--
INFO: Run Behavior\ShowPageTraceBehavior [ RunTime:0.004298s ]
INFO: [ app_end ] --END-- [ RunTime:0.004348s ]

[ 2016-09-16T09:11:45+08:00 ] 127.0.0.1 /admin.php/Index/copy.html
INFO: [ app_init ] --START--
INFO: Run Behavior\BuildLiteBehavior [ RunTime:0.000017s ]
INFO: [ app_init ] --END-- [ RunTime:0.000896s ]
INFO: [ app_begin ] --START--
INFO: Run Behavior\ReadHtmlCacheBehavior [ RunTime:0.014431s ]
INFO: [ app_begin ] --END-- [ RunTime:0.014548s ]
SQL: SHOW COLUMNS FROM `wb_user` [ RunTime:0.0051s ]
SQL: SELECT COUNT(*) AS tp_count FROM `wb_user` LIMIT 1   [ RunTime:0.0002s ]
SQL: SELECT COUNT(*) AS tp_count FROM `wb_user` WHERE `lock` = 1 LIMIT 1   [ RunTime:0.0003s ]
SQL: SHOW COLUMNS FROM `wb_weibo` [ RunTime:0.0041s ]
SQL: SELECT COUNT(*) AS tp_count FROM `wb_weibo` WHERE `isturn` = 0 LIMIT 1   [ RunTime:0.0004s ]
SQL: SELECT COUNT(*) AS tp_count FROM `wb_weibo` WHERE `isturn` > 0 LIMIT 1   [ RunTime:0.0003s ]
SQL: SHOW COLUMNS FROM `wb_comment` [ RunTime:0.0056s ]
SQL: SELECT COUNT(*) AS tp_count FROM `wb_comment` LIMIT 1   [ RunTime:0.0002s ]
INFO: [ view_parse ] --START--
INFO: [ template_filter ] --START--
INFO: Run Behavior\ContentReplaceBehavior [ RunTime:0.000054s ]
INFO: [ template_filter ] --END-- [ RunTime:0.000116s ]
NOTIC: [8192] mysql_get_server_info(): The mysql extension is deprecated and will be removed in the future: use mysqli or PDO instead F:\weibo\Admin\Runtime\Cache\Home\2a35c4b150c9876596998044df5bd96d.php 第 28 行.
NOTIC: [2] mysql_get_server_info(): Access denied for user ''@'localhost' (using password: NO) F:\weibo\Admin\Runtime\Cache\Home\2a35c4b150c9876596998044df5bd96d.php 第 28 行.
NOTIC: [2] mysql_get_server_info(): A link to the server could not be established F:\weibo\Admin\Runtime\Cache\Home\2a35c4b150c9876596998044df5bd96d.php 第 28 行.
INFO: Run Behavior\ParseTemplateBehavior [ RunTime:0.028467s ]
INFO: [ view_parse ] --END-- [ RunTime:0.028528s ]
INFO: [ view_filter ] --START--
INFO: Run Behavior\WriteHtmlCacheBehavior [ RunTime:0.004251s ]
INFO: [ view_filter ] --END-- [ RunTime:0.004299s ]
INFO: [ app_end ] --START--
INFO: Run Behavior\ShowPageTraceBehavior [ RunTime:0.004225s ]
INFO: [ app_end ] --END-- [ RunTime:0.004282s ]

[ 2016-09-16T09:11:48+08:00 ] 127.0.0.1 /admin.php/System/index.html
INFO: [ app_init ] --START--
INFO: Run Behavior\BuildLiteBehavior [ RunTime:0.000017s ]
INFO: [ app_init ] --END-- [ RunTime:0.000988s ]
INFO: [ app_begin ] --START--
INFO: Run Behavior\ReadHtmlCacheBehavior [ RunTime:0.003885s ]
INFO: [ app_begin ] --END-- [ RunTime:0.003947s ]
INFO: [ view_parse ] --START--
INFO: [ template_filter ] --START--
INFO: Run Behavior\ContentReplaceBehavior [ RunTime:0.000047s ]
INFO: [ template_filter ] --END-- [ RunTime:0.000101s ]
NOTIC: [8] Undefined variable: config F:\weibo\Admin\Runtime\Cache\Home\143e1f9455905b66544235019e6914ce.php 第 19 行.
NOTIC: [8] Undefined variable: config F:\weibo\Admin\Runtime\Cache\Home\143e1f9455905b66544235019e6914ce.php 第 25 行.
NOTIC: [8] Undefined variable: config F:\weibo\Admin\Runtime\Cache\Home\143e1f9455905b66544235019e6914ce.php 第 31 行.
NOTIC: [8] Undefined variable: config F:\weibo\Admin\Runtime\Cache\Home\143e1f9455905b66544235019e6914ce.php 第 32 行.
INFO: Run Behavior\ParseTemplateBehavior [ RunTime:0.022086s ]
INFO: [ view_parse ] --END-- [ RunTime:0.022140s ]
INFO: [ view_filter ] --START--
INFO: Run Behavior\WriteHtmlCacheBehavior [ RunTime:0.003942s ]
INFO: [ view_filter ] --END-- [ RunTime:0.003991s ]
INFO: [ app_end ] --START--
INFO: Run Behavior\ShowPageTraceBehavior [ RunTime:0.003957s ]
INFO: [ app_end ] --END-- [ RunTime:0.004002s ]

[ 2016-09-16T09:12:44+08:00 ] 127.0.0.1 /admin.php/System/index.html
INFO: [ app_init ] --START--
INFO: Run Behavior\BuildLiteBehavior [ RunTime:0.000016s ]
INFO: [ app_init ] --END-- [ RunTime:0.000885s ]
INFO: [ app_begin ] --START--
INFO: Run Behavior\ReadHtmlCacheBehavior [ RunTime:0.003963s ]
INFO: [ app_begin ] --END-- [ RunTime:0.004026s ]
INFO: [ view_parse ] --START--
INFO: [ template_filter ] --START--
INFO: Run Behavior\ContentReplaceBehavior [ RunTime:0.000046s ]
INFO: [ template_filter ] --END-- [ RunTime:0.000099s ]
NOTIC: [8] Use of undefined constant webname - assumed 'webname' F:\weibo\Admin\Runtime\Cache\Home\143e1f9455905b66544235019e6914ce.php 第 19 行.
NOTIC: [8] Undefined variable: config F:\weibo\Admin\Runtime\Cache\Home\143e1f9455905b66544235019e6914ce.php 第 19 行.
NOTIC: [8] Undefined variable: config F:\weibo\Admin\Runtime\Cache\Home\143e1f9455905b66544235019e6914ce.php 第 25 行.
NOTIC: [8] Undefined variable: config F:\weibo\Admin\Runtime\Cache\Home\143e1f9455905b66544235019e6914ce.php 第 31 行.
NOTIC: [8] Undefined variable: config F:\weibo\Admin\Runtime\Cache\Home\143e1f9455905b66544235019e6914ce.php 第 32 行.
INFO: Run Behavior\ParseTemplateBehavior [ RunTime:0.021080s ]
INFO: [ view_parse ] --END-- [ RunTime:0.021140s ]
INFO: [ view_filter ] --START--
INFO: Run Behavior\WriteHtmlCacheBehavior [ RunTime:0.003871s ]
INFO: [ view_filter ] --END-- [ RunTime:0.003917s ]
INFO: [ app_end ] --START--
INFO: Run Behavior\ShowPageTraceBehavior [ RunTime:0.004206s ]
INFO: [ app_end ] --END-- [ RunTime:0.004264s ]

[ 2016-09-16T09:12:44+08:00 ] 127.0.0.1 /admin.php/System/index.html
INFO: [ app_init ] --START--
INFO: Run Behavior\BuildLiteBehavior [ RunTime:0.000015s ]
INFO: [ app_init ] --END-- [ RunTime:0.000878s ]
INFO: [ app_begin ] --START--
INFO: Run Behavior\ReadHtmlCacheBehavior [ RunTime:0.003863s ]
INFO: [ app_begin ] --END-- [ RunTime:0.003923s ]
INFO: [ view_parse ] --START--
INFO: [ template_filter ] --START--
INFO: Run Behavior\ContentReplaceBehavior [ RunTime:0.000052s ]
INFO: [ template_filter ] --END-- [ RunTime:0.000157s ]
NOTIC: [8] Use of undefined constant webname - assumed 'webname' F:\weibo\Admin\Runtime\Cache\Home\143e1f9455905b66544235019e6914ce.php 第 19 行.
NOTIC: [8] Undefined variable: config F:\weibo\Admin\Runtime\Cache\Home\143e1f9455905b66544235019e6914ce.php 第 19 行.
NOTIC: [8] Undefined variable: config F:\weibo\Admin\Runtime\Cache\Home\143e1f9455905b66544235019e6914ce.php 第 25 行.
NOTIC: [8] Undefined variable: config F:\weibo\Admin\Runtime\Cache\Home\143e1f9455905b66544235019e6914ce.php 第 31 行.
NOTIC: [8] Undefined variable: config F:\weibo\Admin\Runtime\Cache\Home\143e1f9455905b66544235019e6914ce.php 第 32 行.
INFO: Run Behavior\ParseTemplateBehavior [ RunTime:0.022090s ]
INFO: [ view_parse ] --END-- [ RunTime:0.022152s ]
INFO: [ view_filter ] --START--
INFO: Run Behavior\WriteHtmlCacheBehavior [ RunTime:0.003855s ]
INFO: [ view_filter ] --END-- [ RunTime:0.003897s ]
INFO: [ app_end ] --START--
INFO: Run Behavior\ShowPageTraceBehavior [ RunTime:0.003762s ]
INFO: [ app_end ] --END-- [ RunTime:0.003803s ]

[ 2016-09-16T09:12:45+08:00 ] 127.0.0.1 /admin.php/System/index.html
INFO: [ app_init ] --START--
INFO: Run Behavior\BuildLiteBehavior [ RunTime:0.000014s ]
INFO: [ app_init ] --END-- [ RunTime:0.000828s ]
INFO: [ app_begin ] --START--
INFO: Run Behavior\ReadHtmlCacheBehavior [ RunTime:0.003847s ]
INFO: [ app_begin ] --END-- [ RunTime:0.003914s ]
INFO: [ view_parse ] --START--
INFO: [ template_filter ] --START--
INFO: Run Behavior\ContentReplaceBehavior [ RunTime:0.000049s ]
INFO: [ template_filter ] --END-- [ RunTime:0.000105s ]
NOTIC: [8] Use of undefined constant webname - assumed 'webname' F:\weibo\Admin\Runtime\Cache\Home\143e1f9455905b66544235019e6914ce.php 第 19 行.
NOTIC: [8] Undefined variable: config F:\weibo\Admin\Runtime\Cache\Home\143e1f9455905b66544235019e6914ce.php 第 19 行.
NOTIC: [8] Undefined variable: config F:\weibo\Admin\Runtime\Cache\Home\143e1f9455905b66544235019e6914ce.php 第 25 行.
NOTIC: [8] Undefined variable: config F:\weibo\Admin\Runtime\Cache\Home\143e1f9455905b66544235019e6914ce.php 第 31 行.
NOTIC: [8] Undefined variable: config F:\weibo\Admin\Runtime\Cache\Home\143e1f9455905b66544235019e6914ce.php 第 32 行.
INFO: Run Behavior\ParseTemplateBehavior [ RunTime:0.021129s ]
INFO: [ view_parse ] --END-- [ RunTime:0.021197s ]
INFO: [ view_filter ] --START--
INFO: Run Behavior\WriteHtmlCacheBehavior [ RunTime:0.004459s ]
INFO: [ view_filter ] --END-- [ RunTime:0.004523s ]
INFO: [ app_end ] --START--
INFO: Run Behavior\ShowPageTraceBehavior [ RunTime:0.004268s ]
INFO: [ app_end ] --END-- [ RunTime:0.004325s ]

[ 2016-09-16T09:12:53+08:00 ] 127.0.0.1 /admin.php/System/index.html
INFO: [ app_init ] --START--
INFO: Run Behavior\BuildLiteBehavior [ RunTime:0.000019s ]
INFO: [ app_init ] --END-- [ RunTime:0.000832s ]
INFO: [ app_begin ] --START--
INFO: Run Behavior\ReadHtmlCacheBehavior [ RunTime:0.003858s ]
INFO: [ app_begin ] --END-- [ RunTime:0.003922s ]
INFO: [ view_parse ] --START--
INFO: [ template_filter ] --START--
INFO: Run Behavior\ContentReplaceBehavior [ RunTime:0.000045s ]
INFO: [ template_filter ] --END-- [ RunTime:0.000101s ]
NOTIC: [8] Undefined variable: config F:\weibo\Admin\Runtime\Cache\Home\143e1f9455905b66544235019e6914ce.php 第 19 行.
NOTIC: [8] Undefined variable: config F:\weibo\Admin\Runtime\Cache\Home\143e1f9455905b66544235019e6914ce.php 第 25 行.
NOTIC: [8] Undefined variable: config F:\weibo\Admin\Runtime\Cache\Home\143e1f9455905b66544235019e6914ce.php 第 31 行.
NOTIC: [8] Undefined variable: config F:\weibo\Admin\Runtime\Cache\Home\143e1f9455905b66544235019e6914ce.php 第 32 行.
INFO: Run Behavior\ParseTemplateBehavior [ RunTime:0.021502s ]
INFO: [ view_parse ] --END-- [ RunTime:0.021561s ]
INFO: [ view_filter ] --START--
INFO: Run Behavior\WriteHtmlCacheBehavior [ RunTime:0.003941s ]
INFO: [ view_filter ] --END-- [ RunTime:0.003987s ]
INFO: [ app_end ] --START--
INFO: Run Behavior\ShowPageTraceBehavior [ RunTime:0.003970s ]
INFO: [ app_end ] --END-- [ RunTime:0.004044s ]

[ 2016-09-16T09:12:53+08:00 ] 127.0.0.1 /admin.php/System/index.html
INFO: [ app_init ] --START--
INFO: Run Behavior\BuildLiteBehavior [ RunTime:0.000016s ]
INFO: [ app_init ] --END-- [ RunTime:0.000981s ]
INFO: [ app_begin ] --START--
INFO: Run Behavior\ReadHtmlCacheBehavior [ RunTime:0.004807s ]
INFO: [ app_begin ] --END-- [ RunTime:0.004879s ]
INFO: [ view_parse ] --START--
INFO: [ template_filter ] --START--
INFO: Run Behavior\ContentReplaceBehavior [ RunTime:0.000060s ]
INFO: [ template_filter ] --END-- [ RunTime:0.000127s ]
NOTIC: [8] Undefined variable: config F:\weibo\Admin\Runtime\Cache\Home\143e1f9455905b66544235019e6914ce.php 第 19 行.
NOTIC: [8] Undefined variable: config F:\weibo\Admin\Runtime\Cache\Home\143e1f9455905b66544235019e6914ce.php 第 25 行.
NOTIC: [8] Undefined variable: config F:\weibo\Admin\Runtime\Cache\Home\143e1f9455905b66544235019e6914ce.php 第 31 行.
NOTIC: [8] Undefined variable: config F:\weibo\Admin\Runtime\Cache\Home\143e1f9455905b66544235019e6914ce.php 第 32 行.
INFO: Run Behavior\ParseTemplateBehavior [ RunTime:0.021652s ]
INFO: [ view_parse ] --END-- [ RunTime:0.021711s ]
INFO: [ view_filter ] --START--
INFO: Run Behavior\WriteHtmlCacheBehavior [ RunTime:0.003955s ]
INFO: [ view_filter ] --END-- [ RunTime:0.004001s ]
INFO: [ app_end ] --START--
INFO: Run Behavior\ShowPageTraceBehavior [ RunTime:0.003797s ]
INFO: [ app_end ] --END-- [ RunTime:0.003838s ]

[ 2016-09-16T09:12:54+08:00 ] 127.0.0.1 /admin.php/System/index.html
INFO: [ app_init ] --START--
INFO: Run Behavior\BuildLiteBehavior [ RunTime:0.000015s ]
INFO: [ app_init ] --END-- [ RunTime:0.000818s ]
INFO: [ app_begin ] --START--
INFO: Run Behavior\ReadHtmlCacheBehavior [ RunTime:0.003970s ]
INFO: [ app_begin ] --END-- [ RunTime:0.004039s ]
INFO: [ view_parse ] --START--
INFO: [ template_filter ] --START--
INFO: Run Behavior\ContentReplaceBehavior [ RunTime:0.000050s ]
INFO: [ template_filter ] --END-- [ RunTime:0.000108s ]
NOTIC: [8] Undefined variable: config F:\weibo\Admin\Runtime\Cache\Home\143e1f9455905b66544235019e6914ce.php 第 19 行.
NOTIC: [8] Undefined variable: config F:\weibo\Admin\Runtime\Cache\Home\143e1f9455905b66544235019e6914ce.php 第 25 行.
NOTIC: [8] Undefined variable: config F:\weibo\Admin\Runtime\Cache\Home\143e1f9455905b66544235019e6914ce.php 第 31 行.
NOTIC: [8] Undefined variable: config F:\weibo\Admin\Runtime\Cache\Home\143e1f9455905b66544235019e6914ce.php 第 32 行.
INFO: Run Behavior\ParseTemplateBehavior [ RunTime:0.022264s ]
INFO: [ view_parse ] --END-- [ RunTime:0.022337s ]
INFO: [ view_filter ] --START--
INFO: Run Behavior\WriteHtmlCacheBehavior [ RunTime:0.003860s ]
INFO: [ view_filter ] --END-- [ RunTime:0.003911s ]
INFO: [ app_end ] --START--
INFO: Run Behavior\ShowPageTraceBehavior [ RunTime:0.004036s ]
INFO: [ app_end ] --END-- [ RunTime:0.004102s ]

[ 2016-09-16T09:12:55+08:00 ] 127.0.0.1 /admin.php/System/index.html
INFO: [ app_init ] --START--
INFO: Run Behavior\BuildLiteBehavior [ RunTime:0.000015s ]
INFO: [ app_init ] --END-- [ RunTime:0.000838s ]
INFO: [ app_begin ] --START--
INFO: Run Behavior\ReadHtmlCacheBehavior [ RunTime:0.003824s ]
INFO: [ app_begin ] --END-- [ RunTime:0.003887s ]
INFO: [ view_parse ] --START--
INFO: [ template_filter ] --START--
INFO: Run Behavior\ContentReplaceBehavior [ RunTime:0.000046s ]
INFO: [ template_filter ] --END-- [ RunTime:0.000101s ]
NOTIC: [8] Undefined variable: config F:\weibo\Admin\Runtime\Cache\Home\143e1f9455905b66544235019e6914ce.php 第 19 行.
NOTIC: [8] Undefined variable: config F:\weibo\Admin\Runtime\Cache\Home\143e1f9455905b66544235019e6914ce.php 第 25 行.
NOTIC: [8] Undefined variable: config F:\weibo\Admin\Runtime\Cache\Home\143e1f9455905b66544235019e6914ce.php 第 31 行.
NOTIC: [8] Undefined variable: config F:\weibo\Admin\Runtime\Cache\Home\143e1f9455905b66544235019e6914ce.php 第 32 行.
INFO: Run Behavior\ParseTemplateBehavior [ RunTime:0.021778s ]
INFO: [ view_parse ] --END-- [ RunTime:0.021840s ]
INFO: [ view_filter ] --START--
INFO: Run Behavior\WriteHtmlCacheBehavior [ RunTime:0.004170s ]
INFO: [ view_filter ] --END-- [ RunTime:0.004216s ]
INFO: [ app_end ] --START--
INFO: Run Behavior\ShowPageTraceBehavior [ RunTime:0.004229s ]
INFO: [ app_end ] --END-- [ RunTime:0.004282s ]

[ 2016-09-16T09:14:13+08:00 ] 127.0.0.1 /admin.php/System/index.html
INFO: [ app_init ] --START--
INFO: Run Behavior\BuildLiteBehavior [ RunTime:0.000018s ]
INFO: [ app_init ] --END-- [ RunTime:0.000918s ]
INFO: [ app_begin ] --START--
INFO: Run Behavior\ReadHtmlCacheBehavior [ RunTime:0.004510s ]
INFO: [ app_begin ] --END-- [ RunTime:0.004596s ]
INFO: [ view_parse ] --START--
INFO: [ template_filter ] --START--
INFO: Run Behavior\ContentReplaceBehavior [ RunTime:0.000058s ]
INFO: [ template_filter ] --END-- [ RunTime:0.000122s ]

[ 2016-09-16T09:14:43+08:00 ] 127.0.0.1 /admin.php/System/index.html
INFO: [ app_init ] --START--
INFO: Run Behavior\BuildLiteBehavior [ RunTime:0.000016s ]
INFO: [ app_init ] --END-- [ RunTime:0.000838s ]
INFO: [ app_begin ] --START--
INFO: Run Behavior\ReadHtmlCacheBehavior [ RunTime:0.003872s ]
INFO: [ app_begin ] --END-- [ RunTime:0.003936s ]
INFO: [ view_parse ] --START--
INFO: [ template_filter ] --START--
INFO: Run Behavior\ContentReplaceBehavior [ RunTime:0.000052s ]
INFO: [ template_filter ] --END-- [ RunTime:0.000108s ]
NOTIC: [8] Undefined variable: config F:\weibo\Admin\Runtime\Cache\Home\143e1f9455905b66544235019e6914ce.php 第 19 行.
NOTIC: [8] Undefined variable: config F:\weibo\Admin\Runtime\Cache\Home\143e1f9455905b66544235019e6914ce.php 第 20 行.
NOTIC: [8] Undefined variable: config F:\weibo\Admin\Runtime\Cache\Home\143e1f9455905b66544235019e6914ce.php 第 26 行.
NOTIC: [8] Undefined variable: config F:\weibo\Admin\Runtime\Cache\Home\143e1f9455905b66544235019e6914ce.php 第 32 行.
NOTIC: [8] Undefined variable: config F:\weibo\Admin\Runtime\Cache\Home\143e1f9455905b66544235019e6914ce.php 第 33 行.
INFO: Run Behavior\ParseTemplateBehavior [ RunTime:0.022150s ]
INFO: [ view_parse ] --END-- [ RunTime:0.022206s ]
INFO: [ view_filter ] --START--
INFO: Run Behavior\WriteHtmlCacheBehavior [ RunTime:0.003888s ]
INFO: [ view_filter ] --END-- [ RunTime:0.003928s ]
INFO: [ app_end ] --START--
INFO: Run Behavior\ShowPageTraceBehavior [ RunTime:0.004171s ]
INFO: [ app_end ] --END-- [ RunTime:0.004232s ]

[ 2016-09-16T09:15:11+08:00 ] 127.0.0.1 /admin.php/System/index.html
INFO: [ app_init ] --START--
INFO: Run Behavior\BuildLiteBehavior [ RunTime:0.000015s ]
INFO: [ app_init ] --END-- [ RunTime:0.000851s ]
INFO: [ app_begin ] --START--
INFO: Run Behavior\ReadHtmlCacheBehavior [ RunTime:0.004958s ]
INFO: [ app_begin ] --END-- [ RunTime:0.005047s ]
INFO: [ view_parse ] --START--
INFO: [ template_filter ] --START--
INFO: Run Behavior\ContentReplaceBehavior [ RunTime:0.000048s ]
INFO: [ template_filter ] --END-- [ RunTime:0.000105s ]
NOTIC: [8] Undefined variable: config F:\weibo\Admin\Runtime\Cache\Home\143e1f9455905b66544235019e6914ce.php 第 20 行.
NOTIC: [8] Undefined variable: config F:\weibo\Admin\Runtime\Cache\Home\143e1f9455905b66544235019e6914ce.php 第 26 行.
NOTIC: [8] Undefined variable: config F:\weibo\Admin\Runtime\Cache\Home\143e1f9455905b66544235019e6914ce.php 第 32 行.
NOTIC: [8] Undefined variable: config F:\weibo\Admin\Runtime\Cache\Home\143e1f9455905b66544235019e6914ce.php 第 33 行.
INFO: Run Behavior\ParseTemplateBehavior [ RunTime:0.022804s ]
INFO: [ view_parse ] --END-- [ RunTime:0.022879s ]
INFO: [ view_filter ] --START--
INFO: Run Behavior\WriteHtmlCacheBehavior [ RunTime:0.003935s ]
INFO: [ view_filter ] --END-- [ RunTime:0.003978s ]
INFO: [ app_end ] --START--
INFO: Run Behavior\ShowPageTraceBehavior [ RunTime:0.003841s ]
INFO: [ app_end ] --END-- [ RunTime:0.003882s ]

[ 2016-09-16T09:15:56+08:00 ] 127.0.0.1 /admin.php/System/index.html
INFO: [ app_init ] --START--
INFO: Run Behavior\BuildLiteBehavior [ RunTime:0.000023s ]
INFO: [ app_init ] --END-- [ RunTime:0.000974s ]
INFO: [ app_begin ] --START--
INFO: Run Behavior\ReadHtmlCacheBehavior [ RunTime:0.003866s ]
INFO: [ app_begin ] --END-- [ RunTime:0.003927s ]
INFO: [ view_parse ] --START--
INFO: [ template_filter ] --START--
INFO: Run Behavior\ContentReplaceBehavior [ RunTime:0.000048s ]
INFO: [ template_filter ] --END-- [ RunTime:0.000126s ]
NOTIC: [8] Undefined variable: config F:\weibo\Admin\Runtime\Cache\Home\143e1f9455905b66544235019e6914ce.php 第 19 行.
NOTIC: [8] Undefined variable: config F:\weibo\Admin\Runtime\Cache\Home\143e1f9455905b66544235019e6914ce.php 第 20 行.
NOTIC: [8] Undefined variable: config F:\weibo\Admin\Runtime\Cache\Home\143e1f9455905b66544235019e6914ce.php 第 26 行.
NOTIC: [8] Undefined variable: config F:\weibo\Admin\Runtime\Cache\Home\143e1f9455905b66544235019e6914ce.php 第 32 行.
NOTIC: [8] Undefined variable: config F:\weibo\Admin\Runtime\Cache\Home\143e1f9455905b66544235019e6914ce.php 第 33 行.
INFO: Run Behavior\ParseTemplateBehavior [ RunTime:0.021842s ]
INFO: [ view_parse ] --END-- [ RunTime:0.021895s ]
INFO: [ view_filter ] --START--
INFO: Run Behavior\WriteHtmlCacheBehavior [ RunTime:0.003828s ]
INFO: [ view_filter ] --END-- [ RunTime:0.003869s ]
INFO: [ app_end ] --START--
INFO: Run Behavior\ShowPageTraceBehavior [ RunTime:0.004170s ]
INFO: [ app_end ] --END-- [ RunTime:0.004221s ]

[ 2016-09-16T09:16:53+08:00 ] 127.0.0.1 /admin.php/System/index.html
INFO: [ app_init ] --START--
INFO: Run Behavior\BuildLiteBehavior [ RunTime:0.000014s ]
INFO: [ app_init ] --END-- [ RunTime:0.000791s ]
INFO: [ app_begin ] --START--
INFO: Run Behavior\ReadHtmlCacheBehavior [ RunTime:0.004280s ]
INFO: [ app_begin ] --END-- [ RunTime:0.004350s ]
NOTIC: [8] Use of undefined constant webname - assumed 'webname' F:\weibo\Admin\Home\Controller\SystemController.class.php 第 12 行.
NOTIC: [8] Array to string conversion F:\weibo\Admin\Home\Controller\SystemController.class.php 第 12 行.

[ 2016-09-16T09:17:07+08:00 ] 127.0.0.1 /admin.php/System/index.html
INFO: [ app_init ] --START--
INFO: Run Behavior\BuildLiteBehavior [ RunTime:0.000018s ]
INFO: [ app_init ] --END-- [ RunTime:0.001071s ]
INFO: [ app_begin ] --START--
INFO: Run Behavior\ReadHtmlCacheBehavior [ RunTime:0.005132s ]
INFO: [ app_begin ] --END-- [ RunTime:0.005232s ]
NOTIC: [8] Use of undefined constant webname - assumed 'webname' F:\weibo\Admin\Home\Controller\SystemController.class.php 第 12 行.
NOTIC: [8] Array to string conversion F:\weibo\Admin\Home\Controller\SystemController.class.php 第 12 行.

[ 2016-09-16T09:17:24+08:00 ] 127.0.0.1 /admin.php/System/index.html
INFO: [ app_init ] --START--
INFO: Run Behavior\BuildLiteBehavior [ RunTime:0.000014s ]
INFO: [ app_init ] --END-- [ RunTime:0.000798s ]
INFO: [ app_begin ] --START--
INFO: Run Behavior\ReadHtmlCacheBehavior [ RunTime:0.003858s ]
INFO: [ app_begin ] --END-- [ RunTime:0.003917s ]

[ 2016-09-16T09:17:41+08:00 ] 127.0.0.1 /admin.php/System/index.html
INFO: [ app_init ] --START--
INFO: Run Behavior\BuildLiteBehavior [ RunTime:0.000015s ]
INFO: [ app_init ] --END-- [ RunTime:0.000793s ]
INFO: [ app_begin ] --START--
INFO: Run Behavior\ReadHtmlCacheBehavior [ RunTime:0.003815s ]
INFO: [ app_begin ] --END-- [ RunTime:0.003875s ]
INFO: [ view_parse ] --START--
INFO: [ template_filter ] --START--
INFO: Run Behavior\ContentReplaceBehavior [ RunTime:0.000051s ]
INFO: [ template_filter ] --END-- [ RunTime:0.000136s ]
NOTIC: [8] Undefined variable: config F:\weibo\Admin\Runtime\Cache\Home\143e1f9455905b66544235019e6914ce.php 第 19 行.
NOTIC: [8] Undefined variable: config F:\weibo\Admin\Runtime\Cache\Home\143e1f9455905b66544235019e6914ce.php 第 20 行.
NOTIC: [8] Undefined variable: config F:\weibo\Admin\Runtime\Cache\Home\143e1f9455905b66544235019e6914ce.php 第 26 行.
NOTIC: [8] Undefined variable: config F:\weibo\Admin\Runtime\Cache\Home\143e1f9455905b66544235019e6914ce.php 第 32 行.
NOTIC: [8] Undefined variable: config F:\weibo\Admin\Runtime\Cache\Home\143e1f9455905b66544235019e6914ce.php 第 33 行.
INFO: Run Behavior\ParseTemplateBehavior [ RunTime:0.024333s ]
INFO: [ view_parse ] --END-- [ RunTime:0.024408s ]
INFO: [ view_filter ] --START--
INFO: Run Behavior\WriteHtmlCacheBehavior [ RunTime:0.004073s ]
INFO: [ view_filter ] --END-- [ RunTime:0.004116s ]
INFO: [ app_end ] --START--
INFO: Run Behavior\ShowPageTraceBehavior [ RunTime:0.003802s ]
INFO: [ app_end ] --END-- [ RunTime:0.003855s ]

[ 2016-09-16T09:18:09+08:00 ] 127.0.0.1 /admin.php/System/index.html
INFO: [ app_init ] --START--
INFO: Run Behavior\BuildLiteBehavior [ RunTime:0.000016s ]
INFO: [ app_init ] --END-- [ RunTime:0.000947s ]
INFO: [ app_begin ] --START--
INFO: Run Behavior\ReadHtmlCacheBehavior [ RunTime:0.003824s ]
INFO: [ app_begin ] --END-- [ RunTime:0.003883s ]

[ 2016-09-16T09:18:10+08:00 ] 127.0.0.1 /admin.php/System/index.html
INFO: [ app_init ] --START--
INFO: Run Behavior\BuildLiteBehavior [ RunTime:0.000017s ]
INFO: [ app_init ] --END-- [ RunTime:0.000866s ]
INFO: [ app_begin ] --START--
INFO: Run Behavior\ReadHtmlCacheBehavior [ RunTime:0.003901s ]
INFO: [ app_begin ] --END-- [ RunTime:0.003970s ]

[ 2016-09-16T09:18:10+08:00 ] 127.0.0.1 /admin.php/System/index.html
INFO: [ app_init ] --START--
INFO: Run Behavior\BuildLiteBehavior [ RunTime:0.000016s ]
INFO: [ app_init ] --END-- [ RunTime:0.000902s ]
INFO: [ app_begin ] --START--
INFO: Run Behavior\ReadHtmlCacheBehavior [ RunTime:0.003991s ]
INFO: [ app_begin ] --END-- [ RunTime:0.004043s ]

[ 2016-09-16T09:18:11+08:00 ] 127.0.0.1 /admin.php/System/index.html
INFO: [ app_init ] --START--
INFO: Run Behavior\BuildLiteBehavior [ RunTime:0.000017s ]
INFO: [ app_init ] --END-- [ RunTime:0.000928s ]
INFO: [ app_begin ] --START--
INFO: Run Behavior\ReadHtmlCacheBehavior [ RunTime:0.006215s ]
INFO: [ app_begin ] --END-- [ RunTime:0.006334s ]

[ 2016-09-16T09:18:12+08:00 ] 127.0.0.1 /admin.php/System/index.html
INFO: [ app_init ] --START--
INFO: Run Behavior\BuildLiteBehavior [ RunTime:0.000017s ]
INFO: [ app_init ] --END-- [ RunTime:0.001005s ]
INFO: [ app_begin ] --START--
INFO: Run Behavior\ReadHtmlCacheBehavior [ RunTime:0.005138s ]
INFO: [ app_begin ] --END-- [ RunTime:0.005220s ]

[ 2016-09-16T09:18:12+08:00 ] 127.0.0.1 /admin.php/System/index.html
INFO: [ app_init ] --START--
INFO: Run Behavior\BuildLiteBehavior [ RunTime:0.000015s ]
INFO: [ app_init ] --END-- [ RunTime:0.000829s ]
INFO: [ app_begin ] --START--
INFO: Run Behavior\ReadHtmlCacheBehavior [ RunTime:0.003968s ]
INFO: [ app_begin ] --END-- [ RunTime:0.004032s ]

[ 2016-09-16T09:18:13+08:00 ] 127.0.0.1 /admin.php/System/index.html
INFO: [ app_init ] --START--
INFO: Run Behavior\BuildLiteBehavior [ RunTime:0.000015s ]
INFO: [ app_init ] --END-- [ RunTime:0.000826s ]
INFO: [ app_begin ] --START--
INFO: Run Behavior\ReadHtmlCacheBehavior [ RunTime:0.003852s ]
INFO: [ app_begin ] --END-- [ RunTime:0.003912s ]

[ 2016-09-16T09:18:13+08:00 ] 127.0.0.1 /admin.php/System/index.html
INFO: [ app_init ] --START--
INFO: Run Behavior\BuildLiteBehavior [ RunTime:0.000015s ]
INFO: [ app_init ] --END-- [ RunTime:0.000839s ]
INFO: [ app_begin ] --START--
INFO: Run Behavior\ReadHtmlCacheBehavior [ RunTime:0.003878s ]
INFO: [ app_begin ] --END-- [ RunTime:0.003940s ]

[ 2016-09-16T09:18:14+08:00 ] 127.0.0.1 /admin.php/System/index.html
INFO: [ app_init ] --START--
INFO: Run Behavior\BuildLiteBehavior [ RunTime:0.000016s ]
INFO: [ app_init ] --END-- [ RunTime:0.000931s ]
INFO: [ app_begin ] --START--
INFO: Run Behavior\ReadHtmlCacheBehavior [ RunTime:0.003871s ]
INFO: [ app_begin ] --END-- [ RunTime:0.003935s ]

[ 2016-09-16T09:18:34+08:00 ] 127.0.0.1 /admin.php/System/index.html
INFO: [ app_init ] --START--
INFO: Run Behavior\BuildLiteBehavior [ RunTime:0.000016s ]
INFO: [ app_init ] --END-- [ RunTime:0.000914s ]
INFO: [ app_begin ] --START--
INFO: Run Behavior\ReadHtmlCacheBehavior [ RunTime:0.004022s ]
INFO: [ app_begin ] --END-- [ RunTime:0.004086s ]

[ 2016-09-16T09:18:34+08:00 ] 127.0.0.1 /admin.php/System/index.html
INFO: [ app_init ] --START--
INFO: Run Behavior\BuildLiteBehavior [ RunTime:0.000015s ]
INFO: [ app_init ] --END-- [ RunTime:0.000823s ]
INFO: [ app_begin ] --START--
INFO: Run Behavior\ReadHtmlCacheBehavior [ RunTime:0.003777s ]
INFO: [ app_begin ] --END-- [ RunTime:0.003835s ]

[ 2016-09-16T09:18:42+08:00 ] 127.0.0.1 /admin.php/System/index.html
INFO: [ app_init ] --START--
INFO: Run Behavior\BuildLiteBehavior [ RunTime:0.000016s ]
INFO: [ app_init ] --END-- [ RunTime:0.000810s ]
INFO: [ app_begin ] --START--
INFO: Run Behavior\ReadHtmlCacheBehavior [ RunTime:0.003920s ]
INFO: [ app_begin ] --END-- [ RunTime:0.003979s ]
INFO: [ view_parse ] --START--
INFO: [ template_filter ] --START--
INFO: Run Behavior\ContentReplaceBehavior [ RunTime:0.000048s ]
INFO: [ template_filter ] --END-- [ RunTime:0.000105s ]
NOTIC: [8] Undefined variable: config F:\weibo\Admin\Runtime\Cache\Home\143e1f9455905b66544235019e6914ce.php 第 19 行.
NOTIC: [8] Undefined variable: config F:\weibo\Admin\Runtime\Cache\Home\143e1f9455905b66544235019e6914ce.php 第 20 行.
NOTIC: [8] Undefined variable: config F:\weibo\Admin\Runtime\Cache\Home\143e1f9455905b66544235019e6914ce.php 第 26 行.
NOTIC: [8] Undefined variable: config F:\weibo\Admin\Runtime\Cache\Home\143e1f9455905b66544235019e6914ce.php 第 32 行.
NOTIC: [8] Undefined variable: config F:\weibo\Admin\Runtime\Cache\Home\143e1f9455905b66544235019e6914ce.php 第 33 行.
INFO: Run Behavior\ParseTemplateBehavior [ RunTime:0.021314s ]
INFO: [ view_parse ] --END-- [ RunTime:0.021384s ]
INFO: [ view_filter ] --START--
INFO: Run Behavior\WriteHtmlCacheBehavior [ RunTime:0.004622s ]
INFO: [ view_filter ] --END-- [ RunTime:0.004685s ]
INFO: [ app_end ] --START--
INFO: Run Behavior\ShowPageTraceBehavior [ RunTime:0.004093s ]
INFO: [ app_end ] --END-- [ RunTime:0.004145s ]

[ 2016-09-16T09:18:44+08:00 ] 127.0.0.1 /admin.php/System/index.html
INFO: [ app_init ] --START--
INFO: Run Behavior\BuildLiteBehavior [ RunTime:0.000015s ]
INFO: [ app_init ] --END-- [ RunTime:0.001060s ]
INFO: [ app_begin ] --START--
INFO: Run Behavior\ReadHtmlCacheBehavior [ RunTime:0.004485s ]
INFO: [ app_begin ] --END-- [ RunTime:0.004559s ]
INFO: [ view_parse ] --START--
INFO: [ template_filter ] --START--
INFO: Run Behavior\ContentReplaceBehavior [ RunTime:0.000069s ]
INFO: [ template_filter ] --END-- [ RunTime:0.000136s ]
NOTIC: [8] Undefined variable: config F:\weibo\Admin\Runtime\Cache\Home\143e1f9455905b66544235019e6914ce.php 第 19 行.
NOTIC: [8] Undefined variable: config F:\weibo\Admin\Runtime\Cache\Home\143e1f9455905b66544235019e6914ce.php 第 20 行.
NOTIC: [8] Undefined variable: config F:\weibo\Admin\Runtime\Cache\Home\143e1f9455905b66544235019e6914ce.php 第 26 行.
NOTIC: [8] Undefined variable: config F:\weibo\Admin\Runtime\Cache\Home\143e1f9455905b66544235019e6914ce.php 第 32 行.
NOTIC: [8] Undefined variable: config F:\weibo\Admin\Runtime\Cache\Home\143e1f9455905b66544235019e6914ce.php 第 33 行.
INFO: Run Behavior\ParseTemplateBehavior [ RunTime:0.022088s ]
INFO: [ view_parse ] --END-- [ RunTime:0.022149s ]
INFO: [ view_filter ] --START--
INFO: Run Behavior\WriteHtmlCacheBehavior [ RunTime:0.003818s ]
INFO: [ view_filter ] --END-- [ RunTime:0.003860s ]
INFO: [ app_end ] --START--
INFO: Run Behavior\ShowPageTraceBehavior [ RunTime:0.003804s ]
INFO: [ app_end ] --END-- [ RunTime:0.003845s ]

[ 2016-09-16T09:18:45+08:00 ] 127.0.0.1 /admin.php/System/index.html
INFO: [ app_init ] --START--
INFO: Run Behavior\BuildLiteBehavior [ RunTime:0.000016s ]
INFO: [ app_init ] --END-- [ RunTime:0.000865s ]
INFO: [ app_begin ] --START--
INFO: Run Behavior\ReadHtmlCacheBehavior [ RunTime:0.004191s ]
INFO: [ app_begin ] --END-- [ RunTime:0.004252s ]
INFO: [ view_parse ] --START--
INFO: [ template_filter ] --START--
INFO: Run Behavior\ContentReplaceBehavior [ RunTime:0.000048s ]
INFO: [ template_filter ] --END-- [ RunTime:0.000103s ]
NOTIC: [8] Undefined variable: config F:\weibo\Admin\Runtime\Cache\Home\143e1f9455905b66544235019e6914ce.php 第 19 行.
NOTIC: [8] Undefined variable: config F:\weibo\Admin\Runtime\Cache\Home\143e1f9455905b66544235019e6914ce.php 第 20 行.
NOTIC: [8] Undefined variable: config F:\weibo\Admin\Runtime\Cache\Home\143e1f9455905b66544235019e6914ce.php 第 26 行.
NOTIC: [8] Undefined variable: config F:\weibo\Admin\Runtime\Cache\Home\143e1f9455905b66544235019e6914ce.php 第 32 行.
NOTIC: [8] Undefined variable: config F:\weibo\Admin\Runtime\Cache\Home\143e1f9455905b66544235019e6914ce.php 第 33 行.
INFO: Run Behavior\ParseTemplateBehavior [ RunTime:0.022006s ]
INFO: [ view_parse ] --END-- [ RunTime:0.022061s ]
INFO: [ view_filter ] --START--
INFO: Run Behavior\WriteHtmlCacheBehavior [ RunTime:0.003819s ]
INFO: [ view_filter ] --END-- [ RunTime:0.003859s ]
INFO: [ app_end ] --START--
INFO: Run Behavior\ShowPageTraceBehavior [ RunTime:0.003795s ]
INFO: [ app_end ] --END-- [ RunTime:0.003836s ]

[ 2016-09-16T09:18:45+08:00 ] 127.0.0.1 /admin.php/System/index.html
INFO: [ app_init ] --START--
INFO: Run Behavior\BuildLiteBehavior [ RunTime:0.000015s ]
INFO: [ app_init ] --END-- [ RunTime:0.000876s ]
INFO: [ app_begin ] --START--
INFO: Run Behavior\ReadHtmlCacheBehavior [ RunTime:0.003829s ]
INFO: [ app_begin ] --END-- [ RunTime:0.003886s ]
INFO: [ view_parse ] --START--
INFO: [ template_filter ] --START--
INFO: Run Behavior\ContentReplaceBehavior [ RunTime:0.000047s ]
INFO: [ template_filter ] --END-- [ RunTime:0.000100s ]
NOTIC: [8] Undefined variable: config F:\weibo\Admin\Runtime\Cache\Home\143e1f9455905b66544235019e6914ce.php 第 19 行.
NOTIC: [8] Undefined variable: config F:\weibo\Admin\Runtime\Cache\Home\143e1f9455905b66544235019e6914ce.php 第 20 行.
NOTIC: [8] Undefined variable: config F:\weibo\Admin\Runtime\Cache\Home\143e1f9455905b66544235019e6914ce.php 第 26 行.
NOTIC: [8] Undefined variable: config F:\weibo\Admin\Runtime\Cache\Home\143e1f9455905b66544235019e6914ce.php 第 32 行.
NOTIC: [8] Undefined variable: config F:\weibo\Admin\Runtime\Cache\Home\143e1f9455905b66544235019e6914ce.php 第 33 行.
INFO: Run Behavior\ParseTemplateBehavior [ RunTime:0.021081s ]
INFO: [ view_parse ] --END-- [ RunTime:0.021135s ]
INFO: [ view_filter ] --START--
INFO: Run Behavior\WriteHtmlCacheBehavior [ RunTime:0.003879s ]
INFO: [ view_filter ] --END-- [ RunTime:0.003921s ]
INFO: [ app_end ] --START--
INFO: Run Behavior\ShowPageTraceBehavior [ RunTime:0.004377s ]
INFO: [ app_end ] --END-- [ RunTime:0.004433s ]

[ 2016-09-16T09:18:46+08:00 ] 127.0.0.1 /admin.php/System/index.html
INFO: [ app_init ] --START--
INFO: Run Behavior\BuildLiteBehavior [ RunTime:0.000015s ]
INFO: [ app_init ] --END-- [ RunTime:0.000831s ]
INFO: [ app_begin ] --START--
INFO: Run Behavior\ReadHtmlCacheBehavior [ RunTime:0.003962s ]
INFO: [ app_begin ] --END-- [ RunTime:0.004021s ]
INFO: [ view_parse ] --START--
INFO: [ template_filter ] --START--
INFO: Run Behavior\ContentReplaceBehavior [ RunTime:0.000047s ]
INFO: [ template_filter ] --END-- [ RunTime:0.000104s ]
NOTIC: [8] Undefined variable: config F:\weibo\Admin\Runtime\Cache\Home\143e1f9455905b66544235019e6914ce.php 第 19 行.
NOTIC: [8] Undefined variable: config F:\weibo\Admin\Runtime\Cache\Home\143e1f9455905b66544235019e6914ce.php 第 20 行.
NOTIC: [8] Undefined variable: config F:\weibo\Admin\Runtime\Cache\Home\143e1f9455905b66544235019e6914ce.php 第 26 行.
NOTIC: [8] Undefined variable: config F:\weibo\Admin\Runtime\Cache\Home\143e1f9455905b66544235019e6914ce.php 第 32 行.
NOTIC: [8] Undefined variable: config F:\weibo\Admin\Runtime\Cache\Home\143e1f9455905b66544235019e6914ce.php 第 33 行.
INFO: Run Behavior\ParseTemplateBehavior [ RunTime:0.021277s ]
INFO: [ view_parse ] --END-- [ RunTime:0.021330s ]
INFO: [ view_filter ] --START--
INFO: Run Behavior\WriteHtmlCacheBehavior [ RunTime:0.004365s ]
INFO: [ view_filter ] --END-- [ RunTime:0.004421s ]
INFO: [ app_end ] --START--
INFO: Run Behavior\ShowPageTraceBehavior [ RunTime:0.003878s ]
INFO: [ app_end ] --END-- [ RunTime:0.003922s ]

[ 2016-09-16T09:18:47+08:00 ] 127.0.0.1 /admin.php/System/index.html
INFO: [ app_init ] --START--
INFO: Run Behavior\BuildLiteBehavior [ RunTime:0.000016s ]
INFO: [ app_init ] --END-- [ RunTime:0.000811s ]
INFO: [ app_begin ] --START--
INFO: Run Behavior\ReadHtmlCacheBehavior [ RunTime:0.003886s ]
INFO: [ app_begin ] --END-- [ RunTime:0.003947s ]
INFO: [ view_parse ] --START--
INFO: [ template_filter ] --START--
INFO: Run Behavior\ContentReplaceBehavior [ RunTime:0.000048s ]
INFO: [ template_filter ] --END-- [ RunTime:0.000104s ]
NOTIC: [8] Undefined variable: config F:\weibo\Admin\Runtime\Cache\Home\143e1f9455905b66544235019e6914ce.php 第 19 行.
NOTIC: [8] Undefined variable: config F:\weibo\Admin\Runtime\Cache\Home\143e1f9455905b66544235019e6914ce.php 第 20 行.
NOTIC: [8] Undefined variable: config F:\weibo\Admin\Runtime\Cache\Home\143e1f9455905b66544235019e6914ce.php 第 26 行.
NOTIC: [8] Undefined variable: config F:\weibo\Admin\Runtime\Cache\Home\143e1f9455905b66544235019e6914ce.php 第 32 行.
NOTIC: [8] Undefined variable: config F:\weibo\Admin\Runtime\Cache\Home\143e1f9455905b66544235019e6914ce.php 第 33 行.
INFO: Run Behavior\ParseTemplateBehavior [ RunTime:0.022062s ]
INFO: [ view_parse ] --END-- [ RunTime:0.022116s ]
INFO: [ view_filter ] --START--
INFO: Run Behavior\WriteHtmlCacheBehavior [ RunTime:0.003900s ]
INFO: [ view_filter ] --END-- [ RunTime:0.003940s ]
INFO: [ app_end ] --START--
INFO: Run Behavior\ShowPageTraceBehavior [ RunTime:0.003839s ]
INFO: [ app_end ] --END-- [ RunTime:0.003881s ]

[ 2016-09-16T09:18:48+08:00 ] 127.0.0.1 /admin.php/System/index.html
INFO: [ app_init ] --START--
INFO: Run Behavior\BuildLiteBehavior [ RunTime:0.000016s ]
INFO: [ app_init ] --END-- [ RunTime:0.000830s ]
INFO: [ app_begin ] --START--
INFO: Run Behavior\ReadHtmlCacheBehavior [ RunTime:0.003909s ]
INFO: [ app_begin ] --END-- [ RunTime:0.003968s ]
INFO: [ view_parse ] --START--
INFO: [ template_filter ] --START--
INFO: Run Behavior\ContentReplaceBehavior [ RunTime:0.000047s ]
INFO: [ template_filter ] --END-- [ RunTime:0.000102s ]
NOTIC: [8] Undefined variable: config F:\weibo\Admin\Runtime\Cache\Home\143e1f9455905b66544235019e6914ce.php 第 19 行.
NOTIC: [8] Undefined variable: config F:\weibo\Admin\Runtime\Cache\Home\143e1f9455905b66544235019e6914ce.php 第 20 行.
NOTIC: [8] Undefined variable: config F:\weibo\Admin\Runtime\Cache\Home\143e1f9455905b66544235019e6914ce.php 第 26 行.
NOTIC: [8] Undefined variable: config F:\weibo\Admin\Runtime\Cache\Home\143e1f9455905b66544235019e6914ce.php 第 32 行.
NOTIC: [8] Undefined variable: config F:\weibo\Admin\Runtime\Cache\Home\143e1f9455905b66544235019e6914ce.php 第 33 行.
INFO: Run Behavior\ParseTemplateBehavior [ RunTime:0.021424s ]
INFO: [ view_parse ] --END-- [ RunTime:0.021477s ]
INFO: [ view_filter ] --START--
INFO: Run Behavior\WriteHtmlCacheBehavior [ RunTime:0.004356s ]
INFO: [ view_filter ] --END-- [ RunTime:0.004447s ]
INFO: [ app_end ] --START--
INFO: Run Behavior\ShowPageTraceBehavior [ RunTime:0.004217s ]
INFO: [ app_end ] --END-- [ RunTime:0.004262s ]

[ 2016-09-16T09:19:15+08:00 ] 127.0.0.1 /admin.php/System/index.html
INFO: [ app_init ] --START--
INFO: Run Behavior\BuildLiteBehavior [ RunTime:0.000015s ]
INFO: [ app_init ] --END-- [ RunTime:0.000818s ]
INFO: [ app_begin ] --START--
INFO: Run Behavior\ReadHtmlCacheBehavior [ RunTime:0.004276s ]
INFO: [ app_begin ] --END-- [ RunTime:0.004347s ]
INFO: [ view_parse ] --START--
INFO: [ template_filter ] --START--
INFO: Run Behavior\ContentReplaceBehavior [ RunTime:0.000045s ]
INFO: [ template_filter ] --END-- [ RunTime:0.000099s ]
NOTIC: [8] Undefined variable: config F:\weibo\Admin\Runtime\Cache\Home\143e1f9455905b66544235019e6914ce.php 第 19 行.
NOTIC: [8] Undefined variable: config F:\weibo\Admin\Runtime\Cache\Home\143e1f9455905b66544235019e6914ce.php 第 20 行.
NOTIC: [8] Undefined variable: config F:\weibo\Admin\Runtime\Cache\Home\143e1f9455905b66544235019e6914ce.php 第 26 行.
NOTIC: [8] Undefined variable: config F:\weibo\Admin\Runtime\Cache\Home\143e1f9455905b66544235019e6914ce.php 第 32 行.
NOTIC: [8] Undefined variable: config F:\weibo\Admin\Runtime\Cache\Home\143e1f9455905b66544235019e6914ce.php 第 33 行.
INFO: Run Behavior\ParseTemplateBehavior [ RunTime:0.021817s ]
INFO: [ view_parse ] --END-- [ RunTime:0.021875s ]
INFO: [ view_filter ] --START--
INFO: Run Behavior\WriteHtmlCacheBehavior [ RunTime:0.003890s ]
INFO: [ view_filter ] --END-- [ RunTime:0.003930s ]
INFO: [ app_end ] --START--
INFO: Run Behavior\ShowPageTraceBehavior [ RunTime:0.003886s ]
INFO: [ app_end ] --END-- [ RunTime:0.003937s ]

[ 2016-09-16T09:19:16+08:00 ] 127.0.0.1 /admin.php/System/index.html
INFO: [ app_init ] --START--
INFO: Run Behavior\BuildLiteBehavior [ RunTime:0.000015s ]
INFO: [ app_init ] --END-- [ RunTime:0.000826s ]
INFO: [ app_begin ] --START--
INFO: Run Behavior\ReadHtmlCacheBehavior [ RunTime:0.003856s ]
INFO: [ app_begin ] --END-- [ RunTime:0.003915s ]
INFO: [ view_parse ] --START--
INFO: [ template_filter ] --START--
INFO: Run Behavior\ContentReplaceBehavior [ RunTime:0.000052s ]
INFO: [ template_filter ] --END-- [ RunTime:0.000125s ]
NOTIC: [8] Undefined variable: config F:\weibo\Admin\Runtime\Cache\Home\143e1f9455905b66544235019e6914ce.php 第 19 行.
NOTIC: [8] Undefined variable: config F:\weibo\Admin\Runtime\Cache\Home\143e1f9455905b66544235019e6914ce.php 第 20 行.
NOTIC: [8] Undefined variable: config F:\weibo\Admin\Runtime\Cache\Home\143e1f9455905b66544235019e6914ce.php 第 26 行.
NOTIC: [8] Undefined variable: config F:\weibo\Admin\Runtime\Cache\Home\143e1f9455905b66544235019e6914ce.php 第 32 行.
NOTIC: [8] Undefined variable: config F:\weibo\Admin\Runtime\Cache\Home\143e1f9455905b66544235019e6914ce.php 第 33 行.
INFO: Run Behavior\ParseTemplateBehavior [ RunTime:0.021459s ]
INFO: [ view_parse ] --END-- [ RunTime:0.021515s ]
INFO: [ view_filter ] --START--
INFO: Run Behavior\WriteHtmlCacheBehavior [ RunTime:0.003849s ]
INFO: [ view_filter ] --END-- [ RunTime:0.003890s ]
INFO: [ app_end ] --START--
INFO: Run Behavior\ShowPageTraceBehavior [ RunTime:0.004477s ]
INFO: [ app_end ] --END-- [ RunTime:0.004541s ]

[ 2016-09-16T09:19:29+08:00 ] 127.0.0.1 /admin.php/System/index.html
INFO: [ app_init ] --START--
INFO: Run Behavior\BuildLiteBehavior [ RunTime:0.000015s ]
INFO: [ app_init ] --END-- [ RunTime:0.000888s ]
INFO: [ app_begin ] --START--
INFO: Run Behavior\ReadHtmlCacheBehavior [ RunTime:0.003855s ]
INFO: [ app_begin ] --END-- [ RunTime:0.003917s ]
INFO: [ view_parse ] --START--
INFO: [ template_filter ] --START--
INFO: Run Behavior\ContentReplaceBehavior [ RunTime:0.000046s ]
INFO: [ template_filter ] --END-- [ RunTime:0.000100s ]
NOTIC: [8] Undefined variable: config F:\weibo\Admin\Runtime\Cache\Home\143e1f9455905b66544235019e6914ce.php 第 20 行.
NOTIC: [8] Undefined variable: config F:\weibo\Admin\Runtime\Cache\Home\143e1f9455905b66544235019e6914ce.php 第 26 行.
NOTIC: [8] Undefined variable: config F:\weibo\Admin\Runtime\Cache\Home\143e1f9455905b66544235019e6914ce.php 第 32 行.
NOTIC: [8] Undefined variable: config F:\weibo\Admin\Runtime\Cache\Home\143e1f9455905b66544235019e6914ce.php 第 33 行.
INFO: Run Behavior\ParseTemplateBehavior [ RunTime:0.021204s ]
INFO: [ view_parse ] --END-- [ RunTime:0.021256s ]
INFO: [ view_filter ] --START--
INFO: Run Behavior\WriteHtmlCacheBehavior [ RunTime:0.004304s ]
INFO: [ view_filter ] --END-- [ RunTime:0.004364s ]
INFO: [ app_end ] --START--
INFO: Run Behavior\ShowPageTraceBehavior [ RunTime:0.004201s ]
INFO: [ app_end ] --END-- [ RunTime:0.004252s ]

[ 2016-09-16T09:19:53+08:00 ] 127.0.0.1 /admin.php/System/index.html
INFO: [ app_init ] --START--
INFO: Run Behavior\BuildLiteBehavior [ RunTime:0.000015s ]
INFO: [ app_init ] --END-- [ RunTime:0.000827s ]
INFO: [ app_begin ] --START--
INFO: Run Behavior\ReadHtmlCacheBehavior [ RunTime:0.005514s ]
INFO: [ app_begin ] --END-- [ RunTime:0.005583s ]
INFO: [ view_parse ] --START--
INFO: [ template_filter ] --START--
INFO: Run Behavior\ContentReplaceBehavior [ RunTime:0.000045s ]
INFO: [ template_filter ] --END-- [ RunTime:0.000119s ]
INFO: Run Behavior\ParseTemplateBehavior [ RunTime:0.021615s ]
INFO: [ view_parse ] --END-- [ RunTime:0.021691s ]
INFO: [ view_filter ] --START--
INFO: Run Behavior\WriteHtmlCacheBehavior [ RunTime:0.004172s ]
INFO: [ view_filter ] --END-- [ RunTime:0.004218s ]
INFO: [ app_end ] --START--
INFO: Run Behavior\ShowPageTraceBehavior [ RunTime:0.003873s ]
INFO: [ app_end ] --END-- [ RunTime:0.003918s ]

[ 2016-09-16T09:20:28+08:00 ] 127.0.0.1 /admin.php/System/index.html
INFO: [ app_init ] --START--
INFO: Run Behavior\BuildLiteBehavior [ RunTime:0.000014s ]
INFO: [ app_init ] --END-- [ RunTime:0.000809s ]
INFO: [ app_begin ] --START--
INFO: Run Behavior\ReadHtmlCacheBehavior [ RunTime:0.003812s ]
INFO: [ app_begin ] --END-- [ RunTime:0.003869s ]
INFO: [ view_parse ] --START--
INFO: [ template_filter ] --START--
INFO: Run Behavior\ContentReplaceBehavior [ RunTime:0.000052s ]
INFO: [ template_filter ] --END-- [ RunTime:0.000110s ]
INFO: Run Behavior\ParseTemplateBehavior [ RunTime:0.021192s ]
INFO: [ view_parse ] --END-- [ RunTime:0.021249s ]
INFO: [ view_filter ] --START--
INFO: Run Behavior\WriteHtmlCacheBehavior [ RunTime:0.004013s ]
INFO: [ view_filter ] --END-- [ RunTime:0.004056s ]
INFO: [ app_end ] --START--
INFO: Run Behavior\ShowPageTraceBehavior [ RunTime:0.004449s ]
INFO: [ app_end ] --END-- [ RunTime:0.004512s ]

[ 2016-09-16T09:20:44+08:00 ] 127.0.0.1 /admin.php/System/index.html
INFO: [ app_init ] --START--
INFO: Run Behavior\BuildLiteBehavior [ RunTime:0.000014s ]
INFO: [ app_init ] --END-- [ RunTime:0.000815s ]
INFO: [ app_begin ] --START--
INFO: Run Behavior\ReadHtmlCacheBehavior [ RunTime:0.004401s ]
INFO: [ app_begin ] --END-- [ RunTime:0.004466s ]
NOTIC: [8] Undefined variable: config F:\weibo\Admin\Home\Controller\SystemController.class.php 第 12 行.
INFO: [ view_parse ] --START--
INFO: [ template_filter ] --START--
INFO: Run Behavior\ContentReplaceBehavior [ RunTime:0.000046s ]
INFO: [ template_filter ] --END-- [ RunTime:0.000101s ]
INFO: Run Behavior\ParseTemplateBehavior [ RunTime:0.022031s ]
INFO: [ view_parse ] --END-- [ RunTime:0.022089s ]
INFO: [ view_filter ] --START--
INFO: Run Behavior\WriteHtmlCacheBehavior [ RunTime:0.004064s ]
INFO: [ view_filter ] --END-- [ RunTime:0.004119s ]
INFO: [ app_end ] --START--
INFO: Run Behavior\ShowPageTraceBehavior [ RunTime:0.003919s ]
INFO: [ app_end ] --END-- [ RunTime:0.003963s ]

[ 2016-09-16T09:20:45+08:00 ] 127.0.0.1 /admin.php/System/index.html
INFO: [ app_init ] --START--
INFO: Run Behavior\BuildLiteBehavior [ RunTime:0.000014s ]
INFO: [ app_init ] --END-- [ RunTime:0.000821s ]
INFO: [ app_begin ] --START--
INFO: Run Behavior\ReadHtmlCacheBehavior [ RunTime:0.003839s ]
INFO: [ app_begin ] --END-- [ RunTime:0.003893s ]
NOTIC: [8] Undefined variable: config F:\weibo\Admin\Home\Controller\SystemController.class.php 第 12 行.
INFO: [ view_parse ] --START--
INFO: [ template_filter ] --START--
INFO: Run Behavior\ContentReplaceBehavior [ RunTime:0.000047s ]
INFO: [ template_filter ] --END-- [ RunTime:0.000101s ]
INFO: Run Behavior\ParseTemplateBehavior [ RunTime:0.021535s ]
INFO: [ view_parse ] --END-- [ RunTime:0.021606s ]
INFO: [ view_filter ] --START--
INFO: Run Behavior\WriteHtmlCacheBehavior [ RunTime:0.003854s ]
INFO: [ view_filter ] --END-- [ RunTime:0.003896s ]
INFO: [ app_end ] --START--
INFO: Run Behavior\ShowPageTraceBehavior [ RunTime:0.004219s ]
INFO: [ app_end ] --END-- [ RunTime:0.004274s ]

[ 2016-09-16T09:21:30+08:00 ] 127.0.0.1 /admin.php/System/index.html
INFO: [ app_init ] --START--
INFO: Run Behavior\BuildLiteBehavior [ RunTime:0.000020s ]
INFO: [ app_init ] --END-- [ RunTime:0.000987s ]
INFO: [ app_begin ] --START--
INFO: Run Behavior\ReadHtmlCacheBehavior [ RunTime:0.004395s ]
INFO: [ app_begin ] --END-- [ RunTime:0.004468s ]
INFO: [ view_parse ] --START--
INFO: [ template_filter ] --START--
INFO: Run Behavior\ContentReplaceBehavior [ RunTime:0.000076s ]
INFO: [ template_filter ] --END-- [ RunTime:0.000165s ]
NOTIC: [8] Undefined variable: config F:\weibo\Admin\Runtime\Cache\Home\143e1f9455905b66544235019e6914ce.php 第 19 行.
NOTIC: [8] Undefined variable: configs F:\weibo\Admin\Runtime\Cache\Home\143e1f9455905b66544235019e6914ce.php 第 21 行.
NOTIC: [8] Undefined variable: configs F:\weibo\Admin\Runtime\Cache\Home\143e1f9455905b66544235019e6914ce.php 第 27 行.
NOTIC: [8] Undefined variable: configs F:\weibo\Admin\Runtime\Cache\Home\143e1f9455905b66544235019e6914ce.php 第 33 行.
NOTIC: [8] Undefined variable: configs F:\weibo\Admin\Runtime\Cache\Home\143e1f9455905b66544235019e6914ce.php 第 34 行.
INFO: Run Behavior\ParseTemplateBehavior [ RunTime:0.029334s ]
INFO: [ view_parse ] --END-- [ RunTime:0.029398s ]
INFO: [ view_filter ] --START--
INFO: Run Behavior\WriteHtmlCacheBehavior [ RunTime:0.004347s ]
INFO: [ view_filter ] --END-- [ RunTime:0.004396s ]
INFO: [ app_end ] --START--
INFO: Run Behavior\ShowPageTraceBehavior [ RunTime:0.004208s ]
INFO: [ app_end ] --END-- [ RunTime:0.004270s ]

[ 2016-09-16T09:22:25+08:00 ] 127.0.0.1 /admin.php/System/index.html
INFO: [ app_init ] --START--
INFO: Run Behavior\BuildLiteBehavior [ RunTime:0.000014s ]
INFO: [ app_init ] --END-- [ RunTime:0.000820s ]
INFO: [ app_begin ] --START--
INFO: Run Behavior\ReadHtmlCacheBehavior [ RunTime:0.003840s ]
INFO: [ app_begin ] --END-- [ RunTime:0.003900s ]
INFO: [ view_parse ] --START--
INFO: [ template_filter ] --START--
INFO: Run Behavior\ContentReplaceBehavior [ RunTime:0.000049s ]
INFO: [ template_filter ] --END-- [ RunTime:0.000106s ]
NOTIC: [8] Undefined variable: config F:\weibo\Admin\Runtime\Cache\Home\143e1f9455905b66544235019e6914ce.php 第 19 行.
NOTIC: [8] Undefined variable: configs F:\weibo\Admin\Runtime\Cache\Home\143e1f9455905b66544235019e6914ce.php 第 21 行.
NOTIC: [8] Undefined variable: configs F:\weibo\Admin\Runtime\Cache\Home\143e1f9455905b66544235019e6914ce.php 第 27 行.
NOTIC: [8] Undefined variable: configs F:\weibo\Admin\Runtime\Cache\Home\143e1f9455905b66544235019e6914ce.php 第 33 行.
NOTIC: [8] Undefined variable: configs F:\weibo\Admin\Runtime\Cache\Home\143e1f9455905b66544235019e6914ce.php 第 34 行.
INFO: Run Behavior\ParseTemplateBehavior [ RunTime:0.021778s ]
INFO: [ view_parse ] --END-- [ RunTime:0.021839s ]
INFO: [ view_filter ] --START--
INFO: Run Behavior\WriteHtmlCacheBehavior [ RunTime:0.003985s ]
INFO: [ view_filter ] --END-- [ RunTime:0.004029s ]
INFO: [ app_end ] --START--
INFO: Run Behavior\ShowPageTraceBehavior [ RunTime:0.004048s ]
INFO: [ app_end ] --END-- [ RunTime:0.004101s ]

[ 2016-09-16T09:22:26+08:00 ] 127.0.0.1 /admin.php/System/index.html
INFO: [ app_init ] --START--
INFO: Run Behavior\BuildLiteBehavior [ RunTime:0.000017s ]
INFO: [ app_init ] --END-- [ RunTime:0.000903s ]
INFO: [ app_begin ] --START--
INFO: Run Behavior\ReadHtmlCacheBehavior [ RunTime:0.003827s ]
INFO: [ app_begin ] --END-- [ RunTime:0.003890s ]
INFO: [ view_parse ] --START--
INFO: [ template_filter ] --START--
INFO: Run Behavior\ContentReplaceBehavior [ RunTime:0.000050s ]
INFO: [ template_filter ] --END-- [ RunTime:0.000107s ]
NOTIC: [8] Undefined variable: config F:\weibo\Admin\Runtime\Cache\Home\143e1f9455905b66544235019e6914ce.php 第 19 行.
NOTIC: [8] Undefined variable: configs F:\weibo\Admin\Runtime\Cache\Home\143e1f9455905b66544235019e6914ce.php 第 21 行.
NOTIC: [8] Undefined variable: configs F:\weibo\Admin\Runtime\Cache\Home\143e1f9455905b66544235019e6914ce.php 第 27 行.
NOTIC: [8] Undefined variable: configs F:\weibo\Admin\Runtime\Cache\Home\143e1f9455905b66544235019e6914ce.php 第 33 行.
NOTIC: [8] Undefined variable: configs F:\weibo\Admin\Runtime\Cache\Home\143e1f9455905b66544235019e6914ce.php 第 34 行.
INFO: Run Behavior\ParseTemplateBehavior [ RunTime:0.022361s ]
INFO: [ view_parse ] --END-- [ RunTime:0.022416s ]
INFO: [ view_filter ] --START--
INFO: Run Behavior\WriteHtmlCacheBehavior [ RunTime:0.003948s ]
INFO: [ view_filter ] --END-- [ RunTime:0.003993s ]
INFO: [ app_end ] --START--
INFO: Run Behavior\ShowPageTraceBehavior [ RunTime:0.003904s ]
INFO: [ app_end ] --END-- [ RunTime:0.003950s ]

[ 2016-09-16T09:24:56+08:00 ] 127.0.0.1 /admin.php/Index/copy.html
INFO: [ app_init ] --START--
INFO: Run Behavior\BuildLiteBehavior [ RunTime:0.000017s ]
INFO: [ app_init ] --END-- [ RunTime:0.000997s ]
INFO: [ app_begin ] --START--
INFO: Run Behavior\ReadHtmlCacheBehavior [ RunTime:0.004080s ]
INFO: [ app_begin ] --END-- [ RunTime:0.004146s ]
SQL: SHOW COLUMNS FROM `wb_user` [ RunTime:0.0047s ]
SQL: SELECT COUNT(*) AS tp_count FROM `wb_user` LIMIT 1   [ RunTime:0.0003s ]
SQL: SELECT COUNT(*) AS tp_count FROM `wb_user` WHERE `lock` = 1 LIMIT 1   [ RunTime:0.0003s ]
SQL: SHOW COLUMNS FROM `wb_weibo` [ RunTime:0.0042s ]
SQL: SELECT COUNT(*) AS tp_count FROM `wb_weibo` WHERE `isturn` = 0 LIMIT 1   [ RunTime:0.0004s ]
SQL: SELECT COUNT(*) AS tp_count FROM `wb_weibo` WHERE `isturn` > 0 LIMIT 1   [ RunTime:0.0003s ]
SQL: SHOW COLUMNS FROM `wb_comment` [ RunTime:0.0040s ]
SQL: SELECT COUNT(*) AS tp_count FROM `wb_comment` LIMIT 1   [ RunTime:0.0003s ]
INFO: [ view_parse ] --START--
INFO: [ template_filter ] --START--
INFO: Run Behavior\ContentReplaceBehavior [ RunTime:0.000054s ]
INFO: [ template_filter ] --END-- [ RunTime:0.000113s ]
NOTIC: [8192] mysql_get_server_info(): The mysql extension is deprecated and will be removed in the future: use mysqli or PDO instead F:\weibo\Admin\Runtime\Cache\Home\2a35c4b150c9876596998044df5bd96d.php 第 28 行.
NOTIC: [2] mysql_get_server_info(): Access denied for user ''@'localhost' (using password: NO) F:\weibo\Admin\Runtime\Cache\Home\2a35c4b150c9876596998044df5bd96d.php 第 28 行.
NOTIC: [2] mysql_get_server_info(): A link to the server could not be established F:\weibo\Admin\Runtime\Cache\Home\2a35c4b150c9876596998044df5bd96d.php 第 28 行.
INFO: Run Behavior\ParseTemplateBehavior [ RunTime:0.024429s ]
INFO: [ view_parse ] --END-- [ RunTime:0.024489s ]
INFO: [ view_filter ] --START--
INFO: Run Behavior\WriteHtmlCacheBehavior [ RunTime:0.004186s ]
INFO: [ view_filter ] --END-- [ RunTime:0.004230s ]
INFO: [ app_end ] --START--
INFO: Run Behavior\ShowPageTraceBehavior [ RunTime:0.003845s ]
INFO: [ app_end ] --END-- [ RunTime:0.003887s ]

[ 2016-09-16T09:25:14+08:00 ] 127.0.0.1 /admin.php/User/addAdmin.html
INFO: [ app_init ] --START--
INFO: Run Behavior\BuildLiteBehavior [ RunTime:0.000019s ]
INFO: [ app_init ] --END-- [ RunTime:0.000896s ]
INFO: [ app_begin ] --START--
INFO: Run Behavior\ReadHtmlCacheBehavior [ RunTime:0.004196s ]
INFO: [ app_begin ] --END-- [ RunTime:0.004272s ]
INFO: [ view_parse ] --START--
INFO: [ template_filter ] --START--
INFO: Run Behavior\ContentReplaceBehavior [ RunTime:0.000055s ]
INFO: [ template_filter ] --END-- [ RunTime:0.000119s ]
INFO: Run Behavior\ParseTemplateBehavior [ RunTime:0.044062s ]
INFO: [ view_parse ] --END-- [ RunTime:0.044138s ]
INFO: [ view_filter ] --START--
INFO: Run Behavior\WriteHtmlCacheBehavior [ RunTime:0.004154s ]
INFO: [ view_filter ] --END-- [ RunTime:0.004212s ]
INFO: [ app_end ] --START--
INFO: Run Behavior\ShowPageTraceBehavior [ RunTime:0.004144s ]
INFO: [ app_end ] --END-- [ RunTime:0.004201s ]

[ 2016-09-16T09:25:17+08:00 ] 127.0.0.1 /admin.php/User/admin.html
INFO: [ app_init ] --START--
INFO: Run Behavior\BuildLiteBehavior [ RunTime:0.000015s ]
INFO: [ app_init ] --END-- [ RunTime:0.000827s ]
INFO: [ app_begin ] --START--
INFO: Run Behavior\ReadHtmlCacheBehavior [ RunTime:0.003824s ]
INFO: [ app_begin ] --END-- [ RunTime:0.003887s ]
SQL: SHOW COLUMNS FROM `wb_admin` [ RunTime:0.0316s ]
SQL: SELECT * FROM `wb_admin`  [ RunTime:0.0004s ]
INFO: [ view_parse ] --START--
INFO: [ template_filter ] --START--
INFO: Run Behavior\ContentReplaceBehavior [ RunTime:0.000049s ]
INFO: [ template_filter ] --END-- [ RunTime:0.000103s ]
NOTIC: [8] Undefined index: admin F:\weibo\Admin\Runtime\Cache\Home\9891de54f4d3ee616f304e20ae5eae8c.php 第 22 行.
NOTIC: [8] Undefined index: admin F:\weibo\Admin\Runtime\Cache\Home\9891de54f4d3ee616f304e20ae5eae8c.php 第 37 行.
INFO: Run Behavior\ParseTemplateBehavior [ RunTime:0.042711s ]
INFO: [ view_parse ] --END-- [ RunTime:0.042778s ]
INFO: [ view_filter ] --START--
INFO: Run Behavior\WriteHtmlCacheBehavior [ RunTime:0.003936s ]
INFO: [ view_filter ] --END-- [ RunTime:0.003980s ]
INFO: [ app_end ] --START--
INFO: Run Behavior\ShowPageTraceBehavior [ RunTime:0.004068s ]
INFO: [ app_end ] --END-- [ RunTime:0.004124s ]

[ 2016-09-16T09:44:32+08:00 ] 127.0.0.1 /admin.php
INFO: [ app_init ] --START--
INFO: Run Behavior\BuildLiteBehavior [ RunTime:0.000015s ]
INFO: [ app_init ] --END-- [ RunTime:0.000843s ]
INFO: [ app_begin ] --START--
INFO: Run Behavior\ReadHtmlCacheBehavior [ RunTime:0.004395s ]
INFO: [ app_begin ] --END-- [ RunTime:0.004466s ]
INFO: [ view_parse ] --START--
INFO: [ template_filter ] --START--
INFO: Run Behavior\ContentReplaceBehavior [ RunTime:0.000064s ]
INFO: [ template_filter ] --END-- [ RunTime:0.000135s ]
NOTIC: [8] Undefined index: admin F:\weibo\Admin\Runtime\Cache\Home\55843b8195cd32862e5dfa640df6e51d.php 第 44 行.
INFO: Run Behavior\ParseTemplateBehavior [ RunTime:0.025091s ]
INFO: [ view_parse ] --END-- [ RunTime:0.025153s ]
INFO: [ view_filter ] --START--
INFO: Run Behavior\WriteHtmlCacheBehavior [ RunTime:0.004112s ]
INFO: [ view_filter ] --END-- [ RunTime:0.004155s ]
INFO: [ app_end ] --START--
INFO: Run Behavior\ShowPageTraceBehavior [ RunTime:0.003908s ]
INFO: [ app_end ] --END-- [ RunTime:0.003950s ]

[ 2016-09-16T09:44:39+08:00 ] 127.0.0.1 /admin.php/Index/copy.html
INFO: [ app_init ] --START--
INFO: Run Behavior\BuildLiteBehavior [ RunTime:0.000033s ]
INFO: [ app_init ] --END-- [ RunTime:0.002263s ]
INFO: [ app_begin ] --START--
INFO: Run Behavior\ReadHtmlCacheBehavior [ RunTime:0.008077s ]
INFO: [ app_begin ] --END-- [ RunTime:0.008184s ]
SQL: SHOW COLUMNS FROM `wb_user` [ RunTime:0.0051s ]
SQL: SELECT COUNT(*) AS tp_count FROM `wb_user` LIMIT 1   [ RunTime:0.0003s ]
SQL: SELECT COUNT(*) AS tp_count FROM `wb_user` WHERE `lock` = 1 LIMIT 1   [ RunTime:0.0004s ]
SQL: SHOW COLUMNS FROM `wb_weibo` [ RunTime:0.0091s ]
SQL: SELECT COUNT(*) AS tp_count FROM `wb_weibo` WHERE `isturn` = 0 LIMIT 1   [ RunTime:0.0004s ]
SQL: SELECT COUNT(*) AS tp_count FROM `wb_weibo` WHERE `isturn` > 0 LIMIT 1   [ RunTime:0.0003s ]
SQL: SHOW COLUMNS FROM `wb_comment` [ RunTime:0.0040s ]
SQL: SELECT COUNT(*) AS tp_count FROM `wb_comment` LIMIT 1   [ RunTime:0.0003s ]
INFO: [ view_parse ] --START--
INFO: [ template_filter ] --START--
INFO: Run Behavior\ContentReplaceBehavior [ RunTime:0.000050s ]
INFO: [ template_filter ] --END-- [ RunTime:0.000109s ]
NOTIC: [8192] mysql_get_server_info(): The mysql extension is deprecated and will be removed in the future: use mysqli or PDO instead F:\weibo\Admin\Runtime\Cache\Home\2a35c4b150c9876596998044df5bd96d.php 第 28 行.
NOTIC: [2] mysql_get_server_info(): Access denied for user ''@'localhost' (using password: NO) F:\weibo\Admin\Runtime\Cache\Home\2a35c4b150c9876596998044df5bd96d.php 第 28 行.
NOTIC: [2] mysql_get_server_info(): A link to the server could not be established F:\weibo\Admin\Runtime\Cache\Home\2a35c4b150c9876596998044df5bd96d.php 第 28 行.
INFO: Run Behavior\ParseTemplateBehavior [ RunTime:0.036168s ]
INFO: [ view_parse ] --END-- [ RunTime:0.036252s ]
INFO: [ view_filter ] --START--
INFO: Run Behavior\WriteHtmlCacheBehavior [ RunTime:0.005307s ]
INFO: [ view_filter ] --END-- [ RunTime:0.005384s ]
INFO: [ app_end ] --START--
INFO: Run Behavior\ShowPageTraceBehavior [ RunTime:0.004616s ]
INFO: [ app_end ] --END-- [ RunTime:0.004676s ]

[ 2016-09-16T09:44:51+08:00 ] 127.0.0.1 /admin.php/System/index.html
INFO: [ app_init ] --START--
INFO: Run Behavior\BuildLiteBehavior [ RunTime:0.000016s ]
INFO: [ app_init ] --END-- [ RunTime:0.000931s ]
INFO: [ app_begin ] --START--
INFO: Run Behavior\ReadHtmlCacheBehavior [ RunTime:0.003902s ]
INFO: [ app_begin ] --END-- [ RunTime:0.003967s ]
INFO: [ view_parse ] --START--
INFO: [ template_filter ] --START--
INFO: Run Behavior\ContentReplaceBehavior [ RunTime:0.000046s ]
INFO: [ template_filter ] --END-- [ RunTime:0.000100s ]
INFO: Run Behavior\ParseTemplateBehavior [ RunTime:0.023901s ]
INFO: [ view_parse ] --END-- [ RunTime:0.023971s ]
INFO: [ view_filter ] --START--
INFO: Run Behavior\WriteHtmlCacheBehavior [ RunTime:0.004001s ]
INFO: [ view_filter ] --END-- [ RunTime:0.004044s ]
INFO: [ app_end ] --START--
INFO: Run Behavior\ShowPageTraceBehavior [ RunTime:0.004016s ]
INFO: [ app_end ] --END-- [ RunTime:0.004064s ]

