[ 2016-09-13T20:44:23+08:00 ] 127.0.0.1 /admin.php
INFO: [ app_init ] --START--
INFO: Run Behavior\BuildLiteBehavior [ RunTime:0.000016s ]
INFO: [ app_init ] --END-- [ RunTime:0.000172s ]
INFO: [ app_begin ] --START--
INFO: Run Behavior\ReadHtmlCacheBehavior [ RunTime:0.004964s ]
INFO: [ app_begin ] --END-- [ RunTime:0.005056s ]
INFO: [ view_parse ] --START--
NOTIC: [2] is_file(): File name is longer than the maximum allowed path length on this platform (260): &lt;style type=&quot;text/css&quot;&gt;*{ padding: 0; margin: 0; } div{ padding: 4px 48px;} body{ background: #fff; font-family: &quot;微软雅黑&quot;; color: #333;font-size:24px} h1{ font-size: 100px; font-weight: normal; margin-bottom: 12px; } p{ line-height: 1.8em; font-size: 36px } a,a:hover{color:blue;}&lt;/style&gt;&lt;div style=&quot;padding: 24px 48px;&quot;&gt; &lt;h1&gt;:)&lt;/h1&gt;&lt;p&gt;欢迎使用 &lt;b&gt;ThinkPHP&lt;/b&gt;！&lt;/p&gt;&lt;br/&gt;版本 V{$Think.version}&lt;/div&gt;&lt;script type=&quot;text/javascript&quot; src=&quot;http://ad.topthink.com/Public/static/client.js&quot;&gt;&lt;/script&gt;&lt;thinkad id=&quot;ad_55e75dfae343f5a1&quot;&gt;&lt;/thinkad&gt;&lt;script type=&quot;text/javascript&quot; src=&quot;http://tajs.qq.com/stats?sId=9347272&quot; charset=&quot;UTF-8&quot;&gt;&lt;/script&gt; F:\weibo\thinkphp\Library\Think\Template.class.php 第 89 行.
INFO: [ template_filter ] --START--
INFO: Run Behavior\ContentReplaceBehavior [ RunTime:0.000066s ]
INFO: [ template_filter ] --END-- [ RunTime:0.000158s ]
INFO: Run Behavior\ParseTemplateBehavior [ RunTime:0.027021s ]
INFO: [ view_parse ] --END-- [ RunTime:0.027161s ]
INFO: [ view_filter ] --START--
INFO: Run Behavior\WriteHtmlCacheBehavior [ RunTime:0.006105s ]
INFO: [ view_filter ] --END-- [ RunTime:0.006187s ]
INFO: [ app_end ] --START--
INFO: Run Behavior\ShowPageTraceBehavior [ RunTime:0.006204s ]
INFO: [ app_end ] --END-- [ RunTime:0.006296s ]

[ 2016-09-13T20:47:37+08:00 ] 127.0.0.1 /admin.php/login
INFO: [ app_init ] --START--
INFO: Run Behavior\BuildLiteBehavior [ RunTime:0.000022s ]
INFO: [ app_init ] --END-- [ RunTime:0.001049s ]
INFO: [ app_begin ] --START--
INFO: Run Behavior\ReadHtmlCacheBehavior [ RunTime:0.005896s ]
INFO: [ app_begin ] --END-- [ RunTime:0.006010s ]
INFO: [ app_end ] --START--
INFO: Run Behavior\ShowPageTraceBehavior [ RunTime:0.005660s ]
INFO: [ app_end ] --END-- [ RunTime:0.005738s ]

[ 2016-09-13T20:47:42+08:00 ] 127.0.0.1 /admin.php/login
INFO: [ app_init ] --START--
INFO: Run Behavior\BuildLiteBehavior [ RunTime:0.000028s ]
INFO: [ app_init ] --END-- [ RunTime:0.001779s ]
INFO: [ app_begin ] --START--
INFO: Run Behavior\ReadHtmlCacheBehavior [ RunTime:0.005125s ]
INFO: [ app_begin ] --END-- [ RunTime:0.005215s ]
INFO: [ app_end ] --START--
INFO: Run Behavior\ShowPageTraceBehavior [ RunTime:0.006093s ]
INFO: [ app_end ] --END-- [ RunTime:0.006174s ]

[ 2016-09-13T20:55:15+08:00 ] 127.0.0.1 /admin.php/login
INFO: [ app_init ] --START--
INFO: Run Behavior\BuildLiteBehavior [ RunTime:0.000027s ]
INFO: [ app_init ] --END-- [ RunTime:0.001135s ]
INFO: [ app_begin ] --START--
INFO: Run Behavior\ReadHtmlCacheBehavior [ RunTime:0.003536s ]
INFO: [ app_begin ] --END-- [ RunTime:0.003620s ]
INFO: [ app_end ] --START--
INFO: Run Behavior\ShowPageTraceBehavior [ RunTime:0.005232s ]
INFO: [ app_end ] --END-- [ RunTime:0.005364s ]

[ 2016-09-13T20:55:17+08:00 ] 127.0.0.1 /admin.php/login
INFO: [ app_init ] --START--
INFO: Run Behavior\BuildLiteBehavior [ RunTime:0.000018s ]
INFO: [ app_init ] --END-- [ RunTime:0.000896s ]
INFO: [ app_begin ] --START--
INFO: Run Behavior\ReadHtmlCacheBehavior [ RunTime:0.004254s ]
INFO: [ app_begin ] --END-- [ RunTime:0.004358s ]
INFO: [ app_end ] --START--
INFO: Run Behavior\ShowPageTraceBehavior [ RunTime:0.004953s ]
INFO: [ app_end ] --END-- [ RunTime:0.005109s ]

[ 2016-09-13T20:55:17+08:00 ] 127.0.0.1 /admin.php/login
INFO: [ app_init ] --START--
INFO: Run Behavior\BuildLiteBehavior [ RunTime:0.000016s ]
INFO: [ app_init ] --END-- [ RunTime:0.000859s ]
INFO: [ app_begin ] --START--
INFO: Run Behavior\ReadHtmlCacheBehavior [ RunTime:0.004821s ]
INFO: [ app_begin ] --END-- [ RunTime:0.004930s ]
INFO: [ app_end ] --START--
INFO: Run Behavior\ShowPageTraceBehavior [ RunTime:0.004811s ]
INFO: [ app_end ] --END-- [ RunTime:0.004898s ]

[ 2016-09-13T20:55:42+08:00 ] 127.0.0.1 /admin.php/login
INFO: [ app_init ] --START--
INFO: Run Behavior\BuildLiteBehavior [ RunTime:0.000017s ]
INFO: [ app_init ] --END-- [ RunTime:0.000795s ]
INFO: [ app_begin ] --START--
INFO: Run Behavior\ReadHtmlCacheBehavior [ RunTime:0.003948s ]
INFO: [ app_begin ] --END-- [ RunTime:0.004040s ]

[ 2016-09-13T20:55:48+08:00 ] 127.0.0.1 /admin.php/login
INFO: [ app_init ] --START--
INFO: Run Behavior\BuildLiteBehavior [ RunTime:0.000016s ]
INFO: [ app_init ] --END-- [ RunTime:0.000821s ]
INFO: [ app_begin ] --START--
INFO: Run Behavior\ReadHtmlCacheBehavior [ RunTime:0.005339s ]
INFO: [ app_begin ] --END-- [ RunTime:0.005429s ]
NOTIC: [8] Use of undefined constant __PUBLIC__ - assumed '__PUBLIC__' F:\weibo\Admin\Home\Controller\LoginController.class.php 第 6 行.
INFO: [ app_end ] --START--
INFO: Run Behavior\ShowPageTraceBehavior [ RunTime:0.003910s ]
INFO: [ app_end ] --END-- [ RunTime:0.003980s ]

[ 2016-09-13T20:56:00+08:00 ] 127.0.0.1 /admin.php/login
INFO: [ app_init ] --START--
INFO: Run Behavior\BuildLiteBehavior [ RunTime:0.000016s ]
INFO: [ app_init ] --END-- [ RunTime:0.000774s ]
INFO: [ app_begin ] --START--
INFO: Run Behavior\ReadHtmlCacheBehavior [ RunTime:0.003569s ]
INFO: [ app_begin ] --END-- [ RunTime:0.003640s ]
INFO: [ app_end ] --START--
INFO: Run Behavior\ShowPageTraceBehavior [ RunTime:0.003589s ]
INFO: [ app_end ] --END-- [ RunTime:0.003662s ]

[ 2016-09-13T20:56:01+08:00 ] 127.0.0.1 /admin.php/login
INFO: [ app_init ] --START--
INFO: Run Behavior\BuildLiteBehavior [ RunTime:0.000015s ]
INFO: [ app_init ] --END-- [ RunTime:0.000744s ]
INFO: [ app_begin ] --START--
INFO: Run Behavior\ReadHtmlCacheBehavior [ RunTime:0.003789s ]
INFO: [ app_begin ] --END-- [ RunTime:0.003864s ]
INFO: [ app_end ] --START--
INFO: Run Behavior\ShowPageTraceBehavior [ RunTime:0.003698s ]
INFO: [ app_end ] --END-- [ RunTime:0.003769s ]

[ 2016-09-13T20:56:01+08:00 ] 127.0.0.1 /admin.php/login
INFO: [ app_init ] --START--
INFO: Run Behavior\BuildLiteBehavior [ RunTime:0.000016s ]
INFO: [ app_init ] --END-- [ RunTime:0.000791s ]
INFO: [ app_begin ] --START--
INFO: Run Behavior\ReadHtmlCacheBehavior [ RunTime:0.003995s ]
INFO: [ app_begin ] --END-- [ RunTime:0.004074s ]
INFO: [ app_end ] --START--
INFO: Run Behavior\ShowPageTraceBehavior [ RunTime:0.004087s ]
INFO: [ app_end ] --END-- [ RunTime:0.004156s ]

[ 2016-09-13T20:56:01+08:00 ] 127.0.0.1 /admin.php/login
INFO: [ app_init ] --START--
INFO: Run Behavior\BuildLiteBehavior [ RunTime:0.000016s ]
INFO: [ app_init ] --END-- [ RunTime:0.000767s ]
INFO: [ app_begin ] --START--
INFO: Run Behavior\ReadHtmlCacheBehavior [ RunTime:0.003640s ]
INFO: [ app_begin ] --END-- [ RunTime:0.003708s ]
INFO: [ app_end ] --START--
INFO: Run Behavior\ShowPageTraceBehavior [ RunTime:0.004475s ]
INFO: [ app_end ] --END-- [ RunTime:0.004557s ]

[ 2016-09-13T20:56:15+08:00 ] 127.0.0.1 /admin.php/login
INFO: [ app_init ] --START--
INFO: Run Behavior\BuildLiteBehavior [ RunTime:0.000015s ]
INFO: [ app_init ] --END-- [ RunTime:0.000779s ]
INFO: [ app_begin ] --START--
INFO: Run Behavior\ReadHtmlCacheBehavior [ RunTime:0.005736s ]
INFO: [ app_begin ] --END-- [ RunTime:0.005839s ]
INFO: [ app_end ] --START--
INFO: Run Behavior\ShowPageTraceBehavior [ RunTime:0.004393s ]
INFO: [ app_end ] --END-- [ RunTime:0.004496s ]

[ 2016-09-13T20:56:30+08:00 ] 127.0.0.1 /admin.php/login
INFO: [ app_init ] --START--
INFO: Run Behavior\BuildLiteBehavior [ RunTime:0.000019s ]
INFO: [ app_init ] --END-- [ RunTime:0.000846s ]
INFO: [ app_begin ] --START--
INFO: Run Behavior\ReadHtmlCacheBehavior [ RunTime:0.003587s ]
INFO: [ app_begin ] --END-- [ RunTime:0.003674s ]
INFO: [ app_end ] --START--
INFO: Run Behavior\ShowPageTraceBehavior [ RunTime:0.003871s ]
INFO: [ app_end ] --END-- [ RunTime:0.003943s ]

[ 2016-09-13T20:56:54+08:00 ] 127.0.0.1 /admin.php/login
INFO: [ app_init ] --START--
INFO: Run Behavior\BuildLiteBehavior [ RunTime:0.000029s ]
INFO: [ app_init ] --END-- [ RunTime:0.001760s ]
INFO: [ app_begin ] --START--
INFO: Run Behavior\ReadHtmlCacheBehavior [ RunTime:0.007543s ]
INFO: [ app_begin ] --END-- [ RunTime:0.007673s ]
NOTIC: [8] Use of undefined constant __PUBLIC__ - assumed '__PUBLIC__' F:\weibo\Admin\Home\Controller\LoginController.class.php 第 6 行.
INFO: [ app_end ] --START--
INFO: Run Behavior\ShowPageTraceBehavior [ RunTime:0.021949s ]
INFO: [ app_end ] --END-- [ RunTime:0.022060s ]

[ 2016-09-13T20:56:55+08:00 ] 127.0.0.1 /admin.php/login
INFO: [ app_init ] --START--
INFO: Run Behavior\BuildLiteBehavior [ RunTime:0.000024s ]
INFO: [ app_init ] --END-- [ RunTime:0.001196s ]
INFO: [ app_begin ] --START--
INFO: Run Behavior\ReadHtmlCacheBehavior [ RunTime:0.006690s ]
INFO: [ app_begin ] --END-- [ RunTime:0.006818s ]
NOTIC: [8] Use of undefined constant __PUBLIC__ - assumed '__PUBLIC__' F:\weibo\Admin\Home\Controller\LoginController.class.php 第 6 行.
INFO: [ app_end ] --START--
INFO: Run Behavior\ShowPageTraceBehavior [ RunTime:0.005716s ]
INFO: [ app_end ] --END-- [ RunTime:0.005800s ]

[ 2016-09-13T20:56:58+08:00 ] 127.0.0.1 /admin.php/login
INFO: [ app_init ] --START--
INFO: Run Behavior\BuildLiteBehavior [ RunTime:0.000025s ]
INFO: [ app_init ] --END-- [ RunTime:0.001199s ]
INFO: [ app_begin ] --START--
INFO: Run Behavior\ReadHtmlCacheBehavior [ RunTime:0.005558s ]
INFO: [ app_begin ] --END-- [ RunTime:0.005672s ]
NOTIC: [8] Use of undefined constant __PUBLIC__ - assumed '__PUBLIC__' F:\weibo\Admin\Home\Controller\LoginController.class.php 第 6 行.
INFO: [ app_end ] --START--
INFO: Run Behavior\ShowPageTraceBehavior [ RunTime:0.004629s ]
INFO: [ app_end ] --END-- [ RunTime:0.004748s ]

[ 2016-09-13T20:59:09+08:00 ] 127.0.0.1 /admin.php/login
INFO: [ app_init ] --START--
INFO: Run Behavior\BuildLiteBehavior [ RunTime:0.000016s ]
INFO: [ app_init ] --END-- [ RunTime:0.000770s ]
INFO: [ app_begin ] --START--
INFO: Run Behavior\ReadHtmlCacheBehavior [ RunTime:0.004164s ]
INFO: [ app_begin ] --END-- [ RunTime:0.004264s ]
INFO: [ view_parse ] --START--
INFO: [ template_filter ] --START--
INFO: Run Behavior\ContentReplaceBehavior [ RunTime:0.000058s ]
INFO: [ template_filter ] --END-- [ RunTime:0.000119s ]
INFO: Run Behavior\ParseTemplateBehavior [ RunTime:0.022528s ]
INFO: [ view_parse ] --END-- [ RunTime:0.022662s ]
INFO: [ view_filter ] --START--
INFO: Run Behavior\WriteHtmlCacheBehavior [ RunTime:0.005205s ]
INFO: [ view_filter ] --END-- [ RunTime:0.005270s ]
INFO: [ app_end ] --START--
INFO: Run Behavior\ShowPageTraceBehavior [ RunTime:0.004591s ]
INFO: [ app_end ] --END-- [ RunTime:0.004669s ]

[ 2016-09-13T20:59:10+08:00 ] 127.0.0.1 /admin.php/Login/verify.html
INFO: [ app_init ] --START--
INFO: Run Behavior\BuildLiteBehavior [ RunTime:0.000016s ]
INFO: [ app_init ] --END-- [ RunTime:0.000793s ]
INFO: [ app_begin ] --START--
INFO: Run Behavior\ReadHtmlCacheBehavior [ RunTime:0.004859s ]
INFO: [ app_begin ] --END-- [ RunTime:0.004960s ]
ERR: 非法操作:verify

[ 2016-09-13T20:59:45+08:00 ] 127.0.0.1 /admin.php/login
INFO: [ app_init ] --START--
INFO: Run Behavior\BuildLiteBehavior [ RunTime:0.000015s ]
INFO: [ app_init ] --END-- [ RunTime:0.000777s ]
INFO: [ app_begin ] --START--
INFO: Run Behavior\ReadHtmlCacheBehavior [ RunTime:0.003606s ]
INFO: [ app_begin ] --END-- [ RunTime:0.003674s ]
INFO: [ view_parse ] --START--
INFO: [ template_filter ] --START--
INFO: Run Behavior\ContentReplaceBehavior [ RunTime:0.000064s ]
INFO: [ template_filter ] --END-- [ RunTime:0.000187s ]
INFO: Run Behavior\ParseTemplateBehavior [ RunTime:0.022214s ]
INFO: [ view_parse ] --END-- [ RunTime:0.022300s ]
INFO: [ view_filter ] --START--
INFO: Run Behavior\WriteHtmlCacheBehavior [ RunTime:0.004199s ]
INFO: [ view_filter ] --END-- [ RunTime:0.004258s ]
INFO: [ app_end ] --START--
INFO: Run Behavior\ShowPageTraceBehavior [ RunTime:0.004135s ]
INFO: [ app_end ] --END-- [ RunTime:0.004217s ]

[ 2016-09-13T20:59:46+08:00 ] 127.0.0.1 /admin.php/Login/verify.html
INFO: [ app_init ] --START--
INFO: Run Behavior\BuildLiteBehavior [ RunTime:0.000015s ]
INFO: [ app_init ] --END-- [ RunTime:0.000773s ]
INFO: [ app_begin ] --START--
INFO: Run Behavior\ReadHtmlCacheBehavior [ RunTime:0.004747s ]
INFO: [ app_begin ] --END-- [ RunTime:0.004865s ]
ERR: 非法操作:verify

[ 2016-09-13T20:59:55+08:00 ] 127.0.0.1 /admin.php/index
INFO: [ app_init ] --START--
INFO: Run Behavior\BuildLiteBehavior [ RunTime:0.000016s ]
INFO: [ app_init ] --END-- [ RunTime:0.000805s ]
INFO: [ app_begin ] --START--
INFO: Run Behavior\ReadHtmlCacheBehavior [ RunTime:0.004344s ]
INFO: [ app_begin ] --END-- [ RunTime:0.004420s ]
INFO: [ view_parse ] --START--
INFO: [ template_filter ] --START--
INFO: Run Behavior\ContentReplaceBehavior [ RunTime:0.000061s ]
INFO: [ template_filter ] --END-- [ RunTime:0.000127s ]
NOTIC: [8] Undefined index: admin F:\weibo\Admin\Runtime\Cache\Home\55843b8195cd32862e5dfa640df6e51d.php 第 44 行.
INFO: Run Behavior\ParseTemplateBehavior [ RunTime:0.025530s ]
INFO: [ view_parse ] --END-- [ RunTime:0.025611s ]
INFO: [ view_filter ] --START--
INFO: Run Behavior\WriteHtmlCacheBehavior [ RunTime:0.004161s ]
INFO: [ view_filter ] --END-- [ RunTime:0.004219s ]
INFO: [ app_end ] --START--
INFO: Run Behavior\ShowPageTraceBehavior [ RunTime:0.003554s ]
INFO: [ app_end ] --END-- [ RunTime:0.003611s ]

[ 2016-09-13T20:59:55+08:00 ] 127.0.0.1 /admin.php/Index/copy.html
INFO: [ app_init ] --START--
INFO: Run Behavior\BuildLiteBehavior [ RunTime:0.000015s ]
INFO: [ app_init ] --END-- [ RunTime:0.000823s ]
INFO: [ app_begin ] --START--
INFO: Run Behavior\ReadHtmlCacheBehavior [ RunTime:0.003491s ]
INFO: [ app_begin ] --END-- [ RunTime:0.003556s ]
INFO: [ view_parse ] --START--
INFO: [ template_filter ] --START--
INFO: Run Behavior\ContentReplaceBehavior [ RunTime:0.000055s ]
INFO: [ template_filter ] --END-- [ RunTime:0.000134s ]
NOTIC: [8192] mysql_get_server_info(): The mysql extension is deprecated and will be removed in the future: use mysqli or PDO instead F:\weibo\Admin\Runtime\Cache\Home\2a35c4b150c9876596998044df5bd96d.php 第 28 行.
NOTIC: [2] mysql_get_server_info(): Access denied for user ''@'localhost' (using password: NO) F:\weibo\Admin\Runtime\Cache\Home\2a35c4b150c9876596998044df5bd96d.php 第 28 行.
NOTIC: [2] mysql_get_server_info(): A link to the server could not be established F:\weibo\Admin\Runtime\Cache\Home\2a35c4b150c9876596998044df5bd96d.php 第 28 行.
NOTIC: [8] Undefined variable: user F:\weibo\Admin\Runtime\Cache\Home\2a35c4b150c9876596998044df5bd96d.php 第 32 行.
NOTIC: [8] Undefined variable: lock F:\weibo\Admin\Runtime\Cache\Home\2a35c4b150c9876596998044df5bd96d.php 第 33 行.
NOTIC: [8] Undefined variable: weibo F:\weibo\Admin\Runtime\Cache\Home\2a35c4b150c9876596998044df5bd96d.php 第 37 行.
NOTIC: [8] Undefined variable: turn F:\weibo\Admin\Runtime\Cache\Home\2a35c4b150c9876596998044df5bd96d.php 第 38 行.
NOTIC: [8] Undefined variable: comment F:\weibo\Admin\Runtime\Cache\Home\2a35c4b150c9876596998044df5bd96d.php 第 39 行.
INFO: Run Behavior\ParseTemplateBehavior [ RunTime:0.087427s ]
INFO: [ view_parse ] --END-- [ RunTime:0.087518s ]
INFO: [ view_filter ] --START--
INFO: Run Behavior\WriteHtmlCacheBehavior [ RunTime:0.006428s ]
INFO: [ view_filter ] --END-- [ RunTime:0.006522s ]
INFO: [ app_end ] --START--
INFO: Run Behavior\ShowPageTraceBehavior [ RunTime:0.006110s ]
INFO: [ app_end ] --END-- [ RunTime:0.006214s ]

[ 2016-09-13T21:01:11+08:00 ] 127.0.0.1 /admin.php/index
INFO: [ app_init ] --START--
INFO: Run Behavior\BuildLiteBehavior [ RunTime:0.000015s ]
INFO: [ app_init ] --END-- [ RunTime:0.000713s ]
INFO: [ app_begin ] --START--
INFO: Run Behavior\ReadHtmlCacheBehavior [ RunTime:0.004445s ]
INFO: [ app_begin ] --END-- [ RunTime:0.004554s ]
INFO: [ view_parse ] --START--
INFO: [ template_filter ] --START--
INFO: Run Behavior\ContentReplaceBehavior [ RunTime:0.000079s ]
INFO: [ template_filter ] --END-- [ RunTime:0.000211s ]
NOTIC: [8] Undefined index: admin F:\weibo\Admin\Runtime\Cache\Home\55843b8195cd32862e5dfa640df6e51d.php 第 44 行.
INFO: Run Behavior\ParseTemplateBehavior [ RunTime:0.030897s ]
INFO: [ view_parse ] --END-- [ RunTime:0.031022s ]
INFO: [ view_filter ] --START--
INFO: Run Behavior\WriteHtmlCacheBehavior [ RunTime:0.004886s ]
INFO: [ view_filter ] --END-- [ RunTime:0.004950s ]
INFO: [ app_end ] --START--
INFO: Run Behavior\ShowPageTraceBehavior [ RunTime:0.005440s ]
INFO: [ app_end ] --END-- [ RunTime:0.005523s ]

[ 2016-09-13T21:01:12+08:00 ] 127.0.0.1 /admin.php/Index/copy.html
INFO: [ app_init ] --START--
INFO: Run Behavior\BuildLiteBehavior [ RunTime:0.000016s ]
INFO: [ app_init ] --END-- [ RunTime:0.000829s ]
INFO: [ app_begin ] --START--
INFO: Run Behavior\ReadHtmlCacheBehavior [ RunTime:0.003973s ]
INFO: [ app_begin ] --END-- [ RunTime:0.004072s ]
INFO: [ view_parse ] --START--
INFO: [ template_filter ] --START--
INFO: Run Behavior\ContentReplaceBehavior [ RunTime:0.000082s ]
INFO: [ template_filter ] --END-- [ RunTime:0.000168s ]
NOTIC: [8192] mysql_get_server_info(): The mysql extension is deprecated and will be removed in the future: use mysqli or PDO instead F:\weibo\Admin\Runtime\Cache\Home\2a35c4b150c9876596998044df5bd96d.php 第 28 行.
NOTIC: [2] mysql_get_server_info(): Access denied for user ''@'localhost' (using password: NO) F:\weibo\Admin\Runtime\Cache\Home\2a35c4b150c9876596998044df5bd96d.php 第 28 行.
NOTIC: [2] mysql_get_server_info(): A link to the server could not be established F:\weibo\Admin\Runtime\Cache\Home\2a35c4b150c9876596998044df5bd96d.php 第 28 行.
NOTIC: [8] Undefined variable: user F:\weibo\Admin\Runtime\Cache\Home\2a35c4b150c9876596998044df5bd96d.php 第 32 行.
NOTIC: [8] Undefined variable: lock F:\weibo\Admin\Runtime\Cache\Home\2a35c4b150c9876596998044df5bd96d.php 第 33 行.
NOTIC: [8] Undefined variable: weibo F:\weibo\Admin\Runtime\Cache\Home\2a35c4b150c9876596998044df5bd96d.php 第 37 行.
NOTIC: [8] Undefined variable: turn F:\weibo\Admin\Runtime\Cache\Home\2a35c4b150c9876596998044df5bd96d.php 第 38 行.
NOTIC: [8] Undefined variable: comment F:\weibo\Admin\Runtime\Cache\Home\2a35c4b150c9876596998044df5bd96d.php 第 39 行.
INFO: Run Behavior\ParseTemplateBehavior [ RunTime:0.026391s ]
INFO: [ view_parse ] --END-- [ RunTime:0.026464s ]
INFO: [ view_filter ] --START--
INFO: Run Behavior\WriteHtmlCacheBehavior [ RunTime:0.004246s ]
INFO: [ view_filter ] --END-- [ RunTime:0.004319s ]
INFO: [ app_end ] --START--
INFO: Run Behavior\ShowPageTraceBehavior [ RunTime:0.004869s ]
INFO: [ app_end ] --END-- [ RunTime:0.004957s ]

[ 2016-09-13T21:01:23+08:00 ] 127.0.0.1 /admin.php/index
INFO: [ app_init ] --START--
INFO: Run Behavior\BuildLiteBehavior [ RunTime:0.000028s ]
INFO: [ app_init ] --END-- [ RunTime:0.001282s ]
INFO: [ app_begin ] --START--
INFO: Run Behavior\ReadHtmlCacheBehavior [ RunTime:0.005419s ]
INFO: [ app_begin ] --END-- [ RunTime:0.005545s ]
INFO: [ view_parse ] --START--
INFO: [ template_filter ] --START--
INFO: Run Behavior\ContentReplaceBehavior [ RunTime:0.000072s ]
INFO: [ template_filter ] --END-- [ RunTime:0.000209s ]
NOTIC: [8] Undefined index: admin F:\weibo\Admin\Runtime\Cache\Home\55843b8195cd32862e5dfa640df6e51d.php 第 44 行.
INFO: Run Behavior\ParseTemplateBehavior [ RunTime:0.031565s ]
INFO: [ view_parse ] --END-- [ RunTime:0.031660s ]
INFO: [ view_filter ] --START--
INFO: Run Behavior\WriteHtmlCacheBehavior [ RunTime:0.004304s ]
INFO: [ view_filter ] --END-- [ RunTime:0.004357s ]
INFO: [ app_end ] --START--
INFO: Run Behavior\ShowPageTraceBehavior [ RunTime:0.004724s ]
INFO: [ app_end ] --END-- [ RunTime:0.004806s ]

[ 2016-09-13T21:01:24+08:00 ] 127.0.0.1 /admin.php/Index/copy.html
INFO: [ app_init ] --START--
INFO: Run Behavior\BuildLiteBehavior [ RunTime:0.000025s ]
INFO: [ app_init ] --END-- [ RunTime:0.001077s ]
INFO: [ app_begin ] --START--
INFO: Run Behavior\ReadHtmlCacheBehavior [ RunTime:0.005468s ]
INFO: [ app_begin ] --END-- [ RunTime:0.005561s ]
INFO: [ view_parse ] --START--
INFO: [ template_filter ] --START--
INFO: Run Behavior\ContentReplaceBehavior [ RunTime:0.000055s ]
INFO: [ template_filter ] --END-- [ RunTime:0.000118s ]
NOTIC: [8192] mysql_get_server_info(): The mysql extension is deprecated and will be removed in the future: use mysqli or PDO instead F:\weibo\Admin\Runtime\Cache\Home\2a35c4b150c9876596998044df5bd96d.php 第 28 行.
NOTIC: [2] mysql_get_server_info(): Access denied for user ''@'localhost' (using password: NO) F:\weibo\Admin\Runtime\Cache\Home\2a35c4b150c9876596998044df5bd96d.php 第 28 行.
NOTIC: [2] mysql_get_server_info(): A link to the server could not be established F:\weibo\Admin\Runtime\Cache\Home\2a35c4b150c9876596998044df5bd96d.php 第 28 行.
NOTIC: [8] Undefined variable: user F:\weibo\Admin\Runtime\Cache\Home\2a35c4b150c9876596998044df5bd96d.php 第 32 行.
NOTIC: [8] Undefined variable: lock F:\weibo\Admin\Runtime\Cache\Home\2a35c4b150c9876596998044df5bd96d.php 第 33 行.
NOTIC: [8] Undefined variable: weibo F:\weibo\Admin\Runtime\Cache\Home\2a35c4b150c9876596998044df5bd96d.php 第 37 行.
NOTIC: [8] Undefined variable: turn F:\weibo\Admin\Runtime\Cache\Home\2a35c4b150c9876596998044df5bd96d.php 第 38 行.
NOTIC: [8] Undefined variable: comment F:\weibo\Admin\Runtime\Cache\Home\2a35c4b150c9876596998044df5bd96d.php 第 39 行.
INFO: Run Behavior\ParseTemplateBehavior [ RunTime:0.028113s ]
INFO: [ view_parse ] --END-- [ RunTime:0.028178s ]
INFO: [ view_filter ] --START--
INFO: Run Behavior\WriteHtmlCacheBehavior [ RunTime:0.005153s ]
INFO: [ view_filter ] --END-- [ RunTime:0.005234s ]
INFO: [ app_end ] --START--
INFO: Run Behavior\ShowPageTraceBehavior [ RunTime:0.004463s ]
INFO: [ app_end ] --END-- [ RunTime:0.004541s ]

[ 2016-09-13T21:01:38+08:00 ] 127.0.0.1 /Admin.php/View/Public/Css/copy.css
INFO: [ app_init ] --START--
INFO: Run Behavior\BuildLiteBehavior [ RunTime:0.000016s ]
INFO: [ app_init ] --END-- [ RunTime:0.000778s ]
INFO: [ app_begin ] --START--
INFO: Run Behavior\ReadHtmlCacheBehavior [ RunTime:0.004345s ]
INFO: [ app_begin ] --END-- [ RunTime:0.004448s ]
ERR: 无法加载控制器:View

[ 2016-09-13T21:02:54+08:00 ] 127.0.0.1 /Admin.php/View/Public/Css/copy.css
INFO: [ app_init ] --START--
INFO: Run Behavior\BuildLiteBehavior [ RunTime:0.000016s ]
INFO: [ app_init ] --END-- [ RunTime:0.000748s ]
INFO: [ app_begin ] --START--
INFO: Run Behavior\ReadHtmlCacheBehavior [ RunTime:0.003538s ]
INFO: [ app_begin ] --END-- [ RunTime:0.003616s ]
ERR: 无法加载控制器:View

[ 2016-09-13T21:02:57+08:00 ] 127.0.0.1 /admin.php/index
INFO: [ app_init ] --START--
INFO: Run Behavior\BuildLiteBehavior [ RunTime:0.000016s ]
INFO: [ app_init ] --END-- [ RunTime:0.000818s ]
INFO: [ app_begin ] --START--
INFO: Run Behavior\ReadHtmlCacheBehavior [ RunTime:0.005639s ]
INFO: [ app_begin ] --END-- [ RunTime:0.005748s ]
INFO: [ view_parse ] --START--
INFO: [ template_filter ] --START--
INFO: Run Behavior\ContentReplaceBehavior [ RunTime:0.000095s ]
INFO: [ template_filter ] --END-- [ RunTime:0.000177s ]
NOTIC: [8] Undefined index: admin F:\weibo\Admin\Runtime\Cache\Home\55843b8195cd32862e5dfa640df6e51d.php 第 44 行.
INFO: Run Behavior\ParseTemplateBehavior [ RunTime:0.027460s ]
INFO: [ view_parse ] --END-- [ RunTime:0.027527s ]
INFO: [ view_filter ] --START--
INFO: Run Behavior\WriteHtmlCacheBehavior [ RunTime:0.004421s ]
INFO: [ view_filter ] --END-- [ RunTime:0.004478s ]
INFO: [ app_end ] --START--
INFO: Run Behavior\ShowPageTraceBehavior [ RunTime:0.005040s ]
INFO: [ app_end ] --END-- [ RunTime:0.005140s ]

[ 2016-09-13T21:02:57+08:00 ] 127.0.0.1 /admin.php/Index/copy.html
INFO: [ app_init ] --START--
INFO: Run Behavior\BuildLiteBehavior [ RunTime:0.000021s ]
INFO: [ app_init ] --END-- [ RunTime:0.001022s ]
INFO: [ app_begin ] --START--
INFO: Run Behavior\ReadHtmlCacheBehavior [ RunTime:0.004544s ]
INFO: [ app_begin ] --END-- [ RunTime:0.004647s ]
INFO: [ view_parse ] --START--
INFO: [ template_filter ] --START--
INFO: Run Behavior\ContentReplaceBehavior [ RunTime:0.000058s ]
INFO: [ template_filter ] --END-- [ RunTime:0.000140s ]
NOTIC: [8192] mysql_get_server_info(): The mysql extension is deprecated and will be removed in the future: use mysqli or PDO instead F:\weibo\Admin\Runtime\Cache\Home\2a35c4b150c9876596998044df5bd96d.php 第 28 行.
NOTIC: [2] mysql_get_server_info(): Access denied for user ''@'localhost' (using password: NO) F:\weibo\Admin\Runtime\Cache\Home\2a35c4b150c9876596998044df5bd96d.php 第 28 行.
NOTIC: [2] mysql_get_server_info(): A link to the server could not be established F:\weibo\Admin\Runtime\Cache\Home\2a35c4b150c9876596998044df5bd96d.php 第 28 行.
NOTIC: [8] Undefined variable: user F:\weibo\Admin\Runtime\Cache\Home\2a35c4b150c9876596998044df5bd96d.php 第 32 行.
NOTIC: [8] Undefined variable: lock F:\weibo\Admin\Runtime\Cache\Home\2a35c4b150c9876596998044df5bd96d.php 第 33 行.
NOTIC: [8] Undefined variable: weibo F:\weibo\Admin\Runtime\Cache\Home\2a35c4b150c9876596998044df5bd96d.php 第 37 行.
NOTIC: [8] Undefined variable: turn F:\weibo\Admin\Runtime\Cache\Home\2a35c4b150c9876596998044df5bd96d.php 第 38 行.
NOTIC: [8] Undefined variable: comment F:\weibo\Admin\Runtime\Cache\Home\2a35c4b150c9876596998044df5bd96d.php 第 39 行.
INFO: Run Behavior\ParseTemplateBehavior [ RunTime:0.028263s ]
INFO: [ view_parse ] --END-- [ RunTime:0.028356s ]
INFO: [ view_filter ] --START--
INFO: Run Behavior\WriteHtmlCacheBehavior [ RunTime:0.004149s ]
INFO: [ view_filter ] --END-- [ RunTime:0.004216s ]
INFO: [ app_end ] --START--
INFO: Run Behavior\ShowPageTraceBehavior [ RunTime:0.004588s ]
INFO: [ app_end ] --END-- [ RunTime:0.004651s ]

[ 2016-09-13T21:03:22+08:00 ] 127.0.0.1 /admin.php/User/index.html
INFO: [ app_init ] --START--
INFO: Run Behavior\BuildLiteBehavior [ RunTime:0.000016s ]
INFO: [ app_init ] --END-- [ RunTime:0.000802s ]
INFO: [ app_begin ] --START--
INFO: Run Behavior\ReadHtmlCacheBehavior [ RunTime:0.005477s ]
INFO: [ app_begin ] --END-- [ RunTime:0.005587s ]
ERR: 无法加载控制器:User

[ 2016-09-13T21:03:23+08:00 ] 127.0.0.1 /admin.php/Weibo/index.html
INFO: [ app_init ] --START--
INFO: Run Behavior\BuildLiteBehavior [ RunTime:0.000017s ]
INFO: [ app_init ] --END-- [ RunTime:0.001168s ]
INFO: [ app_begin ] --START--
INFO: Run Behavior\ReadHtmlCacheBehavior [ RunTime:0.005963s ]
INFO: [ app_begin ] --END-- [ RunTime:0.006080s ]
ERR: 无法加载控制器:Weibo

[ 2016-09-13T21:03:23+08:00 ] 127.0.0.1 /admin.php/System/index.html
INFO: [ app_init ] --START--
INFO: Run Behavior\BuildLiteBehavior [ RunTime:0.000027s ]
INFO: [ app_init ] --END-- [ RunTime:0.001312s ]
INFO: [ app_begin ] --START--
INFO: Run Behavior\ReadHtmlCacheBehavior [ RunTime:0.005832s ]
INFO: [ app_begin ] --END-- [ RunTime:0.005940s ]
ERR: 无法加载控制器:System

[ 2016-09-13T21:03:24+08:00 ] 127.0.0.1 /admin.php/Index/copy.html
INFO: [ app_init ] --START--
INFO: Run Behavior\BuildLiteBehavior [ RunTime:0.000015s ]
INFO: [ app_init ] --END-- [ RunTime:0.000776s ]
INFO: [ app_begin ] --START--
INFO: Run Behavior\ReadHtmlCacheBehavior [ RunTime:0.003551s ]
INFO: [ app_begin ] --END-- [ RunTime:0.003618s ]
INFO: [ view_parse ] --START--
INFO: [ template_filter ] --START--
INFO: Run Behavior\ContentReplaceBehavior [ RunTime:0.000057s ]
INFO: [ template_filter ] --END-- [ RunTime:0.000125s ]
NOTIC: [8192] mysql_get_server_info(): The mysql extension is deprecated and will be removed in the future: use mysqli or PDO instead F:\weibo\Admin\Runtime\Cache\Home\2a35c4b150c9876596998044df5bd96d.php 第 28 行.
NOTIC: [2] mysql_get_server_info(): Access denied for user ''@'localhost' (using password: NO) F:\weibo\Admin\Runtime\Cache\Home\2a35c4b150c9876596998044df5bd96d.php 第 28 行.
NOTIC: [2] mysql_get_server_info(): A link to the server could not be established F:\weibo\Admin\Runtime\Cache\Home\2a35c4b150c9876596998044df5bd96d.php 第 28 行.
NOTIC: [8] Undefined variable: user F:\weibo\Admin\Runtime\Cache\Home\2a35c4b150c9876596998044df5bd96d.php 第 32 行.
NOTIC: [8] Undefined variable: lock F:\weibo\Admin\Runtime\Cache\Home\2a35c4b150c9876596998044df5bd96d.php 第 33 行.
NOTIC: [8] Undefined variable: weibo F:\weibo\Admin\Runtime\Cache\Home\2a35c4b150c9876596998044df5bd96d.php 第 37 行.
NOTIC: [8] Undefined variable: turn F:\weibo\Admin\Runtime\Cache\Home\2a35c4b150c9876596998044df5bd96d.php 第 38 行.
NOTIC: [8] Undefined variable: comment F:\weibo\Admin\Runtime\Cache\Home\2a35c4b150c9876596998044df5bd96d.php 第 39 行.
INFO: Run Behavior\ParseTemplateBehavior [ RunTime:0.029069s ]
INFO: [ view_parse ] --END-- [ RunTime:0.029150s ]
INFO: [ view_filter ] --START--
INFO: Run Behavior\WriteHtmlCacheBehavior [ RunTime:0.005883s ]
INFO: [ view_filter ] --END-- [ RunTime:0.006003s ]
INFO: [ app_end ] --START--
INFO: Run Behavior\ShowPageTraceBehavior [ RunTime:0.006359s ]
INFO: [ app_end ] --END-- [ RunTime:0.006466s ]

[ 2016-09-13T21:03:44+08:00 ] 127.0.0.1 /admin.php/login
INFO: [ app_init ] --START--
INFO: Run Behavior\BuildLiteBehavior [ RunTime:0.000017s ]
INFO: [ app_init ] --END-- [ RunTime:0.000889s ]
INFO: [ app_begin ] --START--
INFO: Run Behavior\ReadHtmlCacheBehavior [ RunTime:0.005668s ]
INFO: [ app_begin ] --END-- [ RunTime:0.005787s ]
INFO: [ view_parse ] --START--
INFO: [ template_filter ] --START--
INFO: Run Behavior\ContentReplaceBehavior [ RunTime:0.000095s ]
INFO: [ template_filter ] --END-- [ RunTime:0.000183s ]
INFO: Run Behavior\ParseTemplateBehavior [ RunTime:0.031377s ]
INFO: [ view_parse ] --END-- [ RunTime:0.031463s ]
INFO: [ view_filter ] --START--
INFO: Run Behavior\WriteHtmlCacheBehavior [ RunTime:0.005088s ]
INFO: [ view_filter ] --END-- [ RunTime:0.005196s ]
INFO: [ app_end ] --START--
INFO: Run Behavior\ShowPageTraceBehavior [ RunTime:0.005212s ]
INFO: [ app_end ] --END-- [ RunTime:0.005282s ]

[ 2016-09-13T21:03:44+08:00 ] 127.0.0.1 /admin.php/Login/verify.html
INFO: [ app_init ] --START--
INFO: Run Behavior\BuildLiteBehavior [ RunTime:0.000023s ]
INFO: [ app_init ] --END-- [ RunTime:0.001104s ]
INFO: [ app_begin ] --START--
INFO: Run Behavior\ReadHtmlCacheBehavior [ RunTime:0.005252s ]
INFO: [ app_begin ] --END-- [ RunTime:0.005399s ]
ERR: 非法操作:verify

[ 2016-09-13T21:03:44+08:00 ] 127.0.0.1 /admin.php/Login/verify.html
INFO: [ app_init ] --START--
INFO: Run Behavior\BuildLiteBehavior [ RunTime:0.000018s ]
INFO: [ app_init ] --END-- [ RunTime:0.000797s ]
INFO: [ app_begin ] --START--
INFO: Run Behavior\ReadHtmlCacheBehavior [ RunTime:0.004507s ]
INFO: [ app_begin ] --END-- [ RunTime:0.004599s ]
ERR: 非法操作:verify

[ 2016-09-13T21:06:24+08:00 ] 127.0.0.1 /admin.php/login
INFO: [ app_init ] --START--
INFO: Run Behavior\BuildLiteBehavior [ RunTime:0.000017s ]
INFO: [ app_init ] --END-- [ RunTime:0.000806s ]
INFO: [ app_begin ] --START--
INFO: Run Behavior\ReadHtmlCacheBehavior [ RunTime:0.003954s ]
INFO: [ app_begin ] --END-- [ RunTime:0.004030s ]
INFO: [ view_parse ] --START--
INFO: [ template_filter ] --START--
INFO: Run Behavior\ContentReplaceBehavior [ RunTime:0.000058s ]
INFO: [ template_filter ] --END-- [ RunTime:0.000116s ]
INFO: Run Behavior\ParseTemplateBehavior [ RunTime:0.020445s ]
INFO: [ view_parse ] --END-- [ RunTime:0.020512s ]
INFO: [ view_filter ] --START--
INFO: Run Behavior\WriteHtmlCacheBehavior [ RunTime:0.003520s ]
INFO: [ view_filter ] --END-- [ RunTime:0.003563s ]
INFO: [ app_end ] --START--
INFO: Run Behavior\ShowPageTraceBehavior [ RunTime:0.003747s ]
INFO: [ app_end ] --END-- [ RunTime:0.003819s ]

[ 2016-09-13T21:06:25+08:00 ] 127.0.0.1 /admin.php/Login/verify.html
INFO: [ app_init ] --START--
INFO: Run Behavior\BuildLiteBehavior [ RunTime:0.000017s ]
INFO: [ app_init ] --END-- [ RunTime:0.000829s ]
INFO: [ app_begin ] --START--
INFO: Run Behavior\ReadHtmlCacheBehavior [ RunTime:0.005861s ]
INFO: [ app_begin ] --END-- [ RunTime:0.005993s ]
INFO: [ app_end ] --START--
INFO: Run Behavior\ShowPageTraceBehavior [ RunTime:0.004080s ]
INFO: [ app_end ] --END-- [ RunTime:0.004170s ]

[ 2016-09-13T21:06:27+08:00 ] 127.0.0.1 /admin.php/Login/verify.html
INFO: [ app_init ] --START--
INFO: Run Behavior\BuildLiteBehavior [ RunTime:0.000028s ]
INFO: [ app_init ] --END-- [ RunTime:0.001363s ]
INFO: [ app_begin ] --START--
INFO: Run Behavior\ReadHtmlCacheBehavior [ RunTime:0.005655s ]
INFO: [ app_begin ] --END-- [ RunTime:0.005777s ]
INFO: [ app_end ] --START--
INFO: Run Behavior\ShowPageTraceBehavior [ RunTime:0.007195s ]
INFO: [ app_end ] --END-- [ RunTime:0.007313s ]

[ 2016-09-13T21:06:30+08:00 ] 127.0.0.1 /admin.php/Login/verify.html
INFO: [ app_init ] --START--
INFO: Run Behavior\BuildLiteBehavior [ RunTime:0.000015s ]
INFO: [ app_init ] --END-- [ RunTime:0.000732s ]
INFO: [ app_begin ] --START--
INFO: Run Behavior\ReadHtmlCacheBehavior [ RunTime:0.004819s ]
INFO: [ app_begin ] --END-- [ RunTime:0.004915s ]
INFO: [ app_end ] --START--
INFO: Run Behavior\ShowPageTraceBehavior [ RunTime:0.004029s ]
INFO: [ app_end ] --END-- [ RunTime:0.004117s ]

[ 2016-09-13T21:06:35+08:00 ] 127.0.0.1 /admin.php/Login/verify.html
INFO: [ app_init ] --START--
INFO: Run Behavior\BuildLiteBehavior [ RunTime:0.000016s ]
INFO: [ app_init ] --END-- [ RunTime:0.000725s ]
INFO: [ app_begin ] --START--
INFO: Run Behavior\ReadHtmlCacheBehavior [ RunTime:0.003854s ]
INFO: [ app_begin ] --END-- [ RunTime:0.003920s ]
INFO: [ app_end ] --START--
INFO: Run Behavior\ShowPageTraceBehavior [ RunTime:0.003555s ]
INFO: [ app_end ] --END-- [ RunTime:0.003621s ]

[ 2016-09-13T21:07:10+08:00 ] 127.0.0.1 /admin.php/Login/verify.html/0.5709702849848088
INFO: [ app_init ] --START--
INFO: Run Behavior\BuildLiteBehavior [ RunTime:0.000016s ]
INFO: [ app_init ] --END-- [ RunTime:0.000842s ]
INFO: [ app_begin ] --START--
INFO: Run Behavior\ReadHtmlCacheBehavior [ RunTime:0.003678s ]
INFO: [ app_begin ] --END-- [ RunTime:0.003749s ]
ERR: 非法操作:verify.html

[ 2016-09-13T21:07:27+08:00 ] 127.0.0.1 /admin.php/Login/verify.html/0.5709702849848088
INFO: [ app_init ] --START--
INFO: Run Behavior\BuildLiteBehavior [ RunTime:0.000024s ]
INFO: [ app_init ] --END-- [ RunTime:0.001040s ]
INFO: [ app_begin ] --START--
INFO: Run Behavior\ReadHtmlCacheBehavior [ RunTime:0.003743s ]
INFO: [ app_begin ] --END-- [ RunTime:0.003832s ]
ERR: 非法操作:verify.html

[ 2016-09-13T21:07:32+08:00 ] 127.0.0.1 /admin.php/Login/verify.html0.5709702849848088
INFO: [ app_init ] --START--
INFO: Run Behavior\BuildLiteBehavior [ RunTime:0.000016s ]
INFO: [ app_init ] --END-- [ RunTime:0.000811s ]
INFO: [ app_begin ] --START--
INFO: Run Behavior\ReadHtmlCacheBehavior [ RunTime:0.005319s ]
INFO: [ app_begin ] --END-- [ RunTime:0.005442s ]
ERR: 非法操作:verify.html0.5709702849848088

[ 2016-09-13T21:07:37+08:00 ] 127.0.0.1 /admin.php/Login/verify.html
INFO: [ app_init ] --START--
INFO: Run Behavior\BuildLiteBehavior [ RunTime:0.000020s ]
INFO: [ app_init ] --END-- [ RunTime:0.000995s ]
INFO: [ app_begin ] --START--
INFO: Run Behavior\ReadHtmlCacheBehavior [ RunTime:0.004646s ]
INFO: [ app_begin ] --END-- [ RunTime:0.004758s ]
INFO: [ app_end ] --START--
INFO: Run Behavior\ShowPageTraceBehavior [ RunTime:0.008550s ]
INFO: [ app_end ] --END-- [ RunTime:0.008669s ]

[ 2016-09-13T21:07:46+08:00 ] 127.0.0.1 /admin.php/Login/verify.html/0.7405409555089739
INFO: [ app_init ] --START--
INFO: Run Behavior\BuildLiteBehavior [ RunTime:0.000017s ]
INFO: [ app_init ] --END-- [ RunTime:0.000815s ]
INFO: [ app_begin ] --START--
INFO: Run Behavior\ReadHtmlCacheBehavior [ RunTime:0.003644s ]
INFO: [ app_begin ] --END-- [ RunTime:0.003721s ]
ERR: 非法操作:verify.html

[ 2016-09-13T21:07:47+08:00 ] 127.0.0.1 /admin.php/Login/verify.html/0.2563290425169258
INFO: [ app_init ] --START--
INFO: Run Behavior\BuildLiteBehavior [ RunTime:0.000020s ]
INFO: [ app_init ] --END-- [ RunTime:0.000993s ]
INFO: [ app_begin ] --START--
INFO: Run Behavior\ReadHtmlCacheBehavior [ RunTime:0.004525s ]
INFO: [ app_begin ] --END-- [ RunTime:0.004660s ]
ERR: 非法操作:verify.html

[ 2016-09-13T21:07:47+08:00 ] 127.0.0.1 /admin.php/Login/verify.html/0.23429814872250754
INFO: [ app_init ] --START--
INFO: Run Behavior\BuildLiteBehavior [ RunTime:0.000021s ]
INFO: [ app_init ] --END-- [ RunTime:0.000945s ]
INFO: [ app_begin ] --START--
INFO: Run Behavior\ReadHtmlCacheBehavior [ RunTime:0.004941s ]
INFO: [ app_begin ] --END-- [ RunTime:0.005025s ]
ERR: 非法操作:verify.html

[ 2016-09-13T21:09:05+08:00 ] 127.0.0.1 /admin.php/login
INFO: [ app_init ] --START--
INFO: Run Behavior\BuildLiteBehavior [ RunTime:0.000017s ]
INFO: [ app_init ] --END-- [ RunTime:0.000837s ]
INFO: [ app_begin ] --START--
INFO: Run Behavior\ReadHtmlCacheBehavior [ RunTime:0.004586s ]
INFO: [ app_begin ] --END-- [ RunTime:0.004664s ]
INFO: [ view_parse ] --START--
INFO: [ template_filter ] --START--
INFO: Run Behavior\ContentReplaceBehavior [ RunTime:0.000059s ]
INFO: [ template_filter ] --END-- [ RunTime:0.000165s ]
INFO: Run Behavior\ParseTemplateBehavior [ RunTime:0.021807s ]
INFO: [ view_parse ] --END-- [ RunTime:0.021873s ]
INFO: [ view_filter ] --START--
INFO: Run Behavior\WriteHtmlCacheBehavior [ RunTime:0.003524s ]
INFO: [ view_filter ] --END-- [ RunTime:0.003568s ]
INFO: [ app_end ] --START--
INFO: Run Behavior\ShowPageTraceBehavior [ RunTime:0.003838s ]
INFO: [ app_end ] --END-- [ RunTime:0.003901s ]

[ 2016-09-13T21:09:05+08:00 ] 127.0.0.1 /admin.php/Login/verify.html
INFO: [ app_init ] --START--
INFO: Run Behavior\BuildLiteBehavior [ RunTime:0.000017s ]
INFO: [ app_init ] --END-- [ RunTime:0.000785s ]
INFO: [ app_begin ] --START--
INFO: Run Behavior\ReadHtmlCacheBehavior [ RunTime:0.006034s ]
INFO: [ app_begin ] --END-- [ RunTime:0.006142s ]
INFO: [ app_end ] --START--
INFO: Run Behavior\ShowPageTraceBehavior [ RunTime:0.007166s ]
INFO: [ app_end ] --END-- [ RunTime:0.007333s ]

[ 2016-09-13T21:09:07+08:00 ] 127.0.0.1 /admin.php/Login/verify.html?0.9879781641749121
INFO: [ app_init ] --START--
INFO: Run Behavior\BuildLiteBehavior [ RunTime:0.000016s ]
INFO: [ app_init ] --END-- [ RunTime:0.000763s ]
INFO: [ app_begin ] --START--
INFO: Run Behavior\ReadHtmlCacheBehavior [ RunTime:0.004143s ]
INFO: [ app_begin ] --END-- [ RunTime:0.004236s ]
INFO: [ app_end ] --START--
INFO: Run Behavior\ShowPageTraceBehavior [ RunTime:0.005615s ]
INFO: [ app_end ] --END-- [ RunTime:0.005759s ]

[ 2016-09-13T21:09:08+08:00 ] 127.0.0.1 /admin.php/Login/verify.html?0.5112575221809648
INFO: [ app_init ] --START--
INFO: Run Behavior\BuildLiteBehavior [ RunTime:0.000024s ]
INFO: [ app_init ] --END-- [ RunTime:0.001074s ]
INFO: [ app_begin ] --START--
INFO: Run Behavior\ReadHtmlCacheBehavior [ RunTime:0.003703s ]
INFO: [ app_begin ] --END-- [ RunTime:0.003777s ]
INFO: [ app_end ] --START--
INFO: Run Behavior\ShowPageTraceBehavior [ RunTime:0.004173s ]
INFO: [ app_end ] --END-- [ RunTime:0.004256s ]

[ 2016-09-13T21:09:08+08:00 ] 127.0.0.1 /admin.php/Login/verify.html?0.9865194337884304
INFO: [ app_init ] --START--
INFO: Run Behavior\BuildLiteBehavior [ RunTime:0.000016s ]
INFO: [ app_init ] --END-- [ RunTime:0.000796s ]
INFO: [ app_begin ] --START--
INFO: Run Behavior\ReadHtmlCacheBehavior [ RunTime:0.003775s ]
INFO: [ app_begin ] --END-- [ RunTime:0.003843s ]
INFO: [ app_end ] --START--
INFO: Run Behavior\ShowPageTraceBehavior [ RunTime:0.004418s ]
INFO: [ app_end ] --END-- [ RunTime:0.004495s ]

[ 2016-09-13T21:09:08+08:00 ] 127.0.0.1 /admin.php/Login/verify.html?0.544982102847096
INFO: [ app_init ] --START--
INFO: Run Behavior\BuildLiteBehavior [ RunTime:0.000029s ]
INFO: [ app_init ] --END-- [ RunTime:0.001317s ]
INFO: [ app_begin ] --START--
INFO: Run Behavior\ReadHtmlCacheBehavior [ RunTime:0.005283s ]
INFO: [ app_begin ] --END-- [ RunTime:0.005407s ]
INFO: [ app_end ] --START--
INFO: Run Behavior\ShowPageTraceBehavior [ RunTime:0.004723s ]
INFO: [ app_end ] --END-- [ RunTime:0.004817s ]

[ 2016-09-13T21:09:08+08:00 ] 127.0.0.1 /admin.php/Login/verify.html?0.3849240978188644
INFO: [ app_init ] --START--
INFO: Run Behavior\BuildLiteBehavior [ RunTime:0.000030s ]
INFO: [ app_init ] --END-- [ RunTime:0.001317s ]
INFO: [ app_begin ] --START--
INFO: Run Behavior\ReadHtmlCacheBehavior [ RunTime:0.005058s ]
INFO: [ app_begin ] --END-- [ RunTime:0.005184s ]
INFO: [ app_end ] --START--
INFO: Run Behavior\ShowPageTraceBehavior [ RunTime:0.006820s ]
INFO: [ app_end ] --END-- [ RunTime:0.006929s ]

[ 2016-09-13T21:09:08+08:00 ] 127.0.0.1 /admin.php/Login/verify.html?0.39192824326502085
INFO: [ app_init ] --START--
INFO: Run Behavior\BuildLiteBehavior [ RunTime:0.000016s ]
INFO: [ app_init ] --END-- [ RunTime:0.000810s ]
INFO: [ app_begin ] --START--
INFO: Run Behavior\ReadHtmlCacheBehavior [ RunTime:0.004663s ]
INFO: [ app_begin ] --END-- [ RunTime:0.004760s ]
INFO: [ app_end ] --START--
INFO: Run Behavior\ShowPageTraceBehavior [ RunTime:0.005011s ]
INFO: [ app_end ] --END-- [ RunTime:0.005216s ]

[ 2016-09-13T21:54:42+08:00 ] 127.0.0.1 /admin.php/Login/verify.html?0.39192824326502085
INFO: [ app_init ] --START--
INFO: Run Behavior\BuildLiteBehavior [ RunTime:0.000022s ]
INFO: [ app_init ] --END-- [ RunTime:0.000955s ]
INFO: [ app_begin ] --START--
INFO: Run Behavior\ReadHtmlCacheBehavior [ RunTime:0.008133s ]
INFO: [ app_begin ] --END-- [ RunTime:0.008223s ]
INFO: [ app_end ] --START--
INFO: Run Behavior\ShowPageTraceBehavior [ RunTime:0.004189s ]
INFO: [ app_end ] --END-- [ RunTime:0.004338s ]

[ 2016-09-13T21:54:47+08:00 ] 127.0.0.1 /admin.php/Login/login.html
INFO: [ app_init ] --START--
INFO: Run Behavior\BuildLiteBehavior [ RunTime:0.000019s ]
INFO: [ app_init ] --END-- [ RunTime:0.000889s ]
INFO: [ app_begin ] --START--
INFO: Run Behavior\ReadHtmlCacheBehavior [ RunTime:0.021631s ]
INFO: [ app_begin ] --END-- [ RunTime:0.021847s ]

[ 2016-09-13T21:55:12+08:00 ] 127.0.0.1 /admin.php/Login/login.html
INFO: [ app_init ] --START--
INFO: Run Behavior\BuildLiteBehavior [ RunTime:0.000023s ]
INFO: [ app_init ] --END-- [ RunTime:0.001246s ]
INFO: [ app_begin ] --START--
INFO: Run Behavior\ReadHtmlCacheBehavior [ RunTime:0.004994s ]
INFO: [ app_begin ] --END-- [ RunTime:0.005112s ]
SQL: SHOW COLUMNS FROM `wb_admin` [ RunTime:0.0070s ]
SQL: SELECT * FROM `wb_admin` WHERE `username` = 'admin' LIMIT 1   [ RunTime:0.0006s ]

[ 2016-09-13T22:04:32+08:00 ] 127.0.0.1 /admin.php/Login/login.html
INFO: [ app_init ] --START--
INFO: Run Behavior\BuildLiteBehavior [ RunTime:0.000027s ]
INFO: [ app_init ] --END-- [ RunTime:0.003929s ]
INFO: [ app_begin ] --START--
INFO: Run Behavior\ReadHtmlCacheBehavior [ RunTime:0.004543s ]
INFO: [ app_begin ] --END-- [ RunTime:0.004638s ]
INFO: [ view_parse ] --START--
INFO: [ template_filter ] --START--
INFO: Run Behavior\ContentReplaceBehavior [ RunTime:0.000054s ]
INFO: [ template_filter ] --END-- [ RunTime:0.000182s ]
INFO: Run Behavior\ParseTemplateBehavior [ RunTime:0.029246s ]
INFO: [ view_parse ] --END-- [ RunTime:0.029571s ]
INFO: [ view_filter ] --START--
INFO: Run Behavior\WriteHtmlCacheBehavior [ RunTime:0.009822s ]
INFO: [ view_filter ] --END-- [ RunTime:0.009939s ]

[ 2016-09-13T22:04:42+08:00 ] 127.0.0.1 /admin.php/Login/verify.html?0.09964672224480342
INFO: [ app_init ] --START--
INFO: Run Behavior\BuildLiteBehavior [ RunTime:0.000027s ]
INFO: [ app_init ] --END-- [ RunTime:0.001595s ]
INFO: [ app_begin ] --START--
INFO: Run Behavior\ReadHtmlCacheBehavior [ RunTime:0.007073s ]
INFO: [ app_begin ] --END-- [ RunTime:0.007189s ]
INFO: [ app_end ] --START--
INFO: Run Behavior\ShowPageTraceBehavior [ RunTime:0.005102s ]
INFO: [ app_end ] --END-- [ RunTime:0.005270s ]

[ 2016-09-13T22:04:43+08:00 ] 127.0.0.1 /admin.php/Login/verify.html?0.09964672224480342
INFO: [ app_init ] --START--
INFO: Run Behavior\BuildLiteBehavior [ RunTime:0.000629s ]
INFO: [ app_init ] --END-- [ RunTime:0.003795s ]
INFO: [ app_begin ] --START--
INFO: Run Behavior\ReadHtmlCacheBehavior [ RunTime:0.005403s ]
INFO: [ app_begin ] --END-- [ RunTime:0.005514s ]
INFO: [ app_end ] --START--
INFO: Run Behavior\ShowPageTraceBehavior [ RunTime:0.006212s ]
INFO: [ app_end ] --END-- [ RunTime:0.006309s ]

[ 2016-09-13T22:04:49+08:00 ] 127.0.0.1 /admin.php/Login/verify.html?0.09964672224480342
INFO: [ app_init ] --START--
INFO: Run Behavior\BuildLiteBehavior [ RunTime:0.000026s ]
INFO: [ app_init ] --END-- [ RunTime:0.001154s ]
INFO: [ app_begin ] --START--
INFO: Run Behavior\ReadHtmlCacheBehavior [ RunTime:0.004418s ]
INFO: [ app_begin ] --END-- [ RunTime:0.004533s ]
INFO: [ app_end ] --START--
INFO: Run Behavior\ShowPageTraceBehavior [ RunTime:0.005411s ]
INFO: [ app_end ] --END-- [ RunTime:0.005514s ]

[ 2016-09-13T22:04:52+08:00 ] 127.0.0.1 /admin.php/Login/verify.html?0.09964672224480342
INFO: [ app_init ] --START--
INFO: Run Behavior\BuildLiteBehavior [ RunTime:0.000017s ]
INFO: [ app_init ] --END-- [ RunTime:0.001317s ]
INFO: [ app_begin ] --START--
INFO: Run Behavior\ReadHtmlCacheBehavior [ RunTime:0.005001s ]
INFO: [ app_begin ] --END-- [ RunTime:0.005096s ]
INFO: [ app_end ] --START--
INFO: Run Behavior\ShowPageTraceBehavior [ RunTime:0.004750s ]
INFO: [ app_end ] --END-- [ RunTime:0.004846s ]

[ 2016-09-13T22:04:56+08:00 ] 127.0.0.1 /admin.php/Login/login.html
INFO: [ app_init ] --START--
INFO: Run Behavior\BuildLiteBehavior [ RunTime:0.000019s ]
INFO: [ app_init ] --END-- [ RunTime:0.001227s ]
INFO: [ app_begin ] --START--
INFO: Run Behavior\ReadHtmlCacheBehavior [ RunTime:0.007539s ]
INFO: [ app_begin ] --END-- [ RunTime:0.007659s ]
SQL: SHOW COLUMNS FROM `wb_admin` [ RunTime:0.0067s ]
SQL: SELECT * FROM `wb_admin` WHERE `username` = 'admin' LIMIT 1   [ RunTime:0.0004s ]
SQL: UPDATE `wb_admin` SET `logintime`='1473775496',`loginip`='127.0.0.1' WHERE `id` = 1 [ RunTime:0.0007s ]
NOTIC: [8] A non well formed numeric value encountered F:\weibo\Admin\Home\Controller\LoginController.class.php 第 51 行.
INFO: [ view_parse ] --START--
INFO: [ template_filter ] --START--
INFO: Run Behavior\ContentReplaceBehavior [ RunTime:0.000080s ]
INFO: [ template_filter ] --END-- [ RunTime:0.000171s ]
INFO: Run Behavior\ParseTemplateBehavior [ RunTime:0.025043s ]
INFO: [ view_parse ] --END-- [ RunTime:0.025177s ]
INFO: [ view_filter ] --START--
INFO: Run Behavior\WriteHtmlCacheBehavior [ RunTime:0.006659s ]
INFO: [ view_filter ] --END-- [ RunTime:0.006755s ]
INFO: [ app_end ] --START--
INFO: Run Behavior\ShowPageTraceBehavior [ RunTime:0.006246s ]
INFO: [ app_end ] --END-- [ RunTime:0.006322s ]

[ 2016-09-13T22:04:58+08:00 ] 127.0.0.1 /admin.php
INFO: [ app_init ] --START--
INFO: Run Behavior\BuildLiteBehavior [ RunTime:0.000037s ]
INFO: [ app_init ] --END-- [ RunTime:0.001511s ]
INFO: [ app_begin ] --START--
INFO: Run Behavior\ReadHtmlCacheBehavior [ RunTime:0.005329s ]
INFO: [ app_begin ] --END-- [ RunTime:0.005412s ]
INFO: [ view_parse ] --START--
INFO: [ template_filter ] --START--
INFO: Run Behavior\ContentReplaceBehavior [ RunTime:0.000058s ]
INFO: [ template_filter ] --END-- [ RunTime:0.000125s ]
NOTIC: [8] Undefined index: admin F:\weibo\Admin\Runtime\Cache\Home\55843b8195cd32862e5dfa640df6e51d.php 第 44 行.
INFO: Run Behavior\ParseTemplateBehavior [ RunTime:0.029931s ]
INFO: [ view_parse ] --END-- [ RunTime:0.030025s ]
INFO: [ view_filter ] --START--
INFO: Run Behavior\WriteHtmlCacheBehavior [ RunTime:0.005815s ]
INFO: [ view_filter ] --END-- [ RunTime:0.005932s ]
INFO: [ app_end ] --START--
INFO: Run Behavior\ShowPageTraceBehavior [ RunTime:0.005667s ]
INFO: [ app_end ] --END-- [ RunTime:0.005742s ]

[ 2016-09-13T22:04:58+08:00 ] 127.0.0.1 /admin.php/Index/copy.html
INFO: [ app_init ] --START--
INFO: Run Behavior\BuildLiteBehavior [ RunTime:0.000017s ]
INFO: [ app_init ] --END-- [ RunTime:0.001110s ]
INFO: [ app_begin ] --START--
INFO: Run Behavior\ReadHtmlCacheBehavior [ RunTime:0.011801s ]
INFO: [ app_begin ] --END-- [ RunTime:0.011949s ]
INFO: [ view_parse ] --START--
INFO: [ template_filter ] --START--
INFO: Run Behavior\ContentReplaceBehavior [ RunTime:0.000086s ]
INFO: [ template_filter ] --END-- [ RunTime:0.000180s ]
NOTIC: [8192] mysql_get_server_info(): The mysql extension is deprecated and will be removed in the future: use mysqli or PDO instead F:\weibo\Admin\Runtime\Cache\Home\2a35c4b150c9876596998044df5bd96d.php 第 28 行.
NOTIC: [2] mysql_get_server_info(): Access denied for user ''@'localhost' (using password: NO) F:\weibo\Admin\Runtime\Cache\Home\2a35c4b150c9876596998044df5bd96d.php 第 28 行.
NOTIC: [2] mysql_get_server_info(): A link to the server could not be established F:\weibo\Admin\Runtime\Cache\Home\2a35c4b150c9876596998044df5bd96d.php 第 28 行.
NOTIC: [8] Undefined variable: user F:\weibo\Admin\Runtime\Cache\Home\2a35c4b150c9876596998044df5bd96d.php 第 32 行.
NOTIC: [8] Undefined variable: lock F:\weibo\Admin\Runtime\Cache\Home\2a35c4b150c9876596998044df5bd96d.php 第 33 行.
NOTIC: [8] Undefined variable: weibo F:\weibo\Admin\Runtime\Cache\Home\2a35c4b150c9876596998044df5bd96d.php 第 37 行.
NOTIC: [8] Undefined variable: turn F:\weibo\Admin\Runtime\Cache\Home\2a35c4b150c9876596998044df5bd96d.php 第 38 行.
NOTIC: [8] Undefined variable: comment F:\weibo\Admin\Runtime\Cache\Home\2a35c4b150c9876596998044df5bd96d.php 第 39 行.
INFO: Run Behavior\ParseTemplateBehavior [ RunTime:0.038533s ]
INFO: [ view_parse ] --END-- [ RunTime:0.038627s ]
INFO: [ view_filter ] --START--
INFO: Run Behavior\WriteHtmlCacheBehavior [ RunTime:0.006116s ]
INFO: [ view_filter ] --END-- [ RunTime:0.006208s ]
INFO: [ app_end ] --START--
INFO: Run Behavior\ShowPageTraceBehavior [ RunTime:0.007509s ]
INFO: [ app_end ] --END-- [ RunTime:0.007631s ]

[ 2016-09-13T22:08:37+08:00 ] 127.0.0.1 /admin.php
INFO: [ app_init ] --START--
INFO: Run Behavior\BuildLiteBehavior [ RunTime:0.000036s ]
INFO: [ app_init ] --END-- [ RunTime:0.001045s ]
INFO: [ app_begin ] --START--
INFO: Run Behavior\ReadHtmlCacheBehavior [ RunTime:0.004391s ]
INFO: [ app_begin ] --END-- [ RunTime:0.004466s ]
INFO: [ view_parse ] --START--
INFO: [ template_filter ] --START--
INFO: Run Behavior\ContentReplaceBehavior [ RunTime:0.000070s ]
INFO: [ template_filter ] --END-- [ RunTime:0.000198s ]
NOTIC: [8] Undefined index: admin F:\weibo\Admin\Runtime\Cache\Home\55843b8195cd32862e5dfa640df6e51d.php 第 44 行.
INFO: Run Behavior\ParseTemplateBehavior [ RunTime:0.030886s ]
INFO: [ view_parse ] --END-- [ RunTime:0.031022s ]
INFO: [ view_filter ] --START--
INFO: Run Behavior\WriteHtmlCacheBehavior [ RunTime:0.005080s ]
INFO: [ view_filter ] --END-- [ RunTime:0.005168s ]
INFO: [ app_end ] --START--
INFO: Run Behavior\ShowPageTraceBehavior [ RunTime:0.004664s ]
INFO: [ app_end ] --END-- [ RunTime:0.004737s ]

[ 2016-09-13T22:08:37+08:00 ] 127.0.0.1 /admin.php/Index/copy.html
INFO: [ app_init ] --START--
INFO: Run Behavior\BuildLiteBehavior [ RunTime:0.000017s ]
INFO: [ app_init ] --END-- [ RunTime:0.001107s ]
INFO: [ app_begin ] --START--
INFO: Run Behavior\ReadHtmlCacheBehavior [ RunTime:0.007629s ]
INFO: [ app_begin ] --END-- [ RunTime:0.007752s ]
INFO: [ view_parse ] --START--
INFO: [ template_filter ] --START--
INFO: Run Behavior\ContentReplaceBehavior [ RunTime:0.000057s ]
INFO: [ template_filter ] --END-- [ RunTime:0.000172s ]
NOTIC: [8192] mysql_get_server_info(): The mysql extension is deprecated and will be removed in the future: use mysqli or PDO instead F:\weibo\Admin\Runtime\Cache\Home\2a35c4b150c9876596998044df5bd96d.php 第 28 行.
NOTIC: [2] mysql_get_server_info(): Access denied for user ''@'localhost' (using password: NO) F:\weibo\Admin\Runtime\Cache\Home\2a35c4b150c9876596998044df5bd96d.php 第 28 行.
NOTIC: [2] mysql_get_server_info(): A link to the server could not be established F:\weibo\Admin\Runtime\Cache\Home\2a35c4b150c9876596998044df5bd96d.php 第 28 行.
NOTIC: [8] Undefined variable: user F:\weibo\Admin\Runtime\Cache\Home\2a35c4b150c9876596998044df5bd96d.php 第 32 行.
NOTIC: [8] Undefined variable: lock F:\weibo\Admin\Runtime\Cache\Home\2a35c4b150c9876596998044df5bd96d.php 第 33 行.
NOTIC: [8] Undefined variable: weibo F:\weibo\Admin\Runtime\Cache\Home\2a35c4b150c9876596998044df5bd96d.php 第 37 行.
NOTIC: [8] Undefined variable: turn F:\weibo\Admin\Runtime\Cache\Home\2a35c4b150c9876596998044df5bd96d.php 第 38 行.
NOTIC: [8] Undefined variable: comment F:\weibo\Admin\Runtime\Cache\Home\2a35c4b150c9876596998044df5bd96d.php 第 39 行.
INFO: Run Behavior\ParseTemplateBehavior [ RunTime:0.033680s ]
INFO: [ view_parse ] --END-- [ RunTime:0.033807s ]
INFO: [ view_filter ] --START--
INFO: Run Behavior\WriteHtmlCacheBehavior [ RunTime:0.005354s ]
INFO: [ view_filter ] --END-- [ RunTime:0.005450s ]
INFO: [ app_end ] --START--
INFO: Run Behavior\ShowPageTraceBehavior [ RunTime:0.005352s ]
INFO: [ app_end ] --END-- [ RunTime:0.005450s ]

[ 2016-09-13T22:08:45+08:00 ] 127.0.0.1 /admin.php
INFO: [ app_init ] --START--
INFO: Run Behavior\BuildLiteBehavior [ RunTime:0.000031s ]
INFO: [ app_init ] --END-- [ RunTime:0.001454s ]
INFO: [ app_begin ] --START--
INFO: Run Behavior\ReadHtmlCacheBehavior [ RunTime:0.004612s ]
INFO: [ app_begin ] --END-- [ RunTime:0.004723s ]

[ 2016-09-13T22:08:45+08:00 ] 127.0.0.1 /admin.php/Login/index.html
INFO: [ app_init ] --START--
INFO: Run Behavior\BuildLiteBehavior [ RunTime:0.000024s ]
INFO: [ app_init ] --END-- [ RunTime:0.001139s ]
INFO: [ app_begin ] --START--
INFO: Run Behavior\ReadHtmlCacheBehavior [ RunTime:0.006177s ]
INFO: [ app_begin ] --END-- [ RunTime:0.006317s ]
INFO: [ view_parse ] --START--
INFO: [ template_filter ] --START--
INFO: Run Behavior\ContentReplaceBehavior [ RunTime:0.000058s ]
INFO: [ template_filter ] --END-- [ RunTime:0.000122s ]
INFO: Run Behavior\ParseTemplateBehavior [ RunTime:0.022722s ]
INFO: [ view_parse ] --END-- [ RunTime:0.022802s ]
INFO: [ view_filter ] --START--
INFO: Run Behavior\WriteHtmlCacheBehavior [ RunTime:0.003865s ]
INFO: [ view_filter ] --END-- [ RunTime:0.003920s ]
INFO: [ app_end ] --START--
INFO: Run Behavior\ShowPageTraceBehavior [ RunTime:0.004366s ]
INFO: [ app_end ] --END-- [ RunTime:0.004433s ]

[ 2016-09-13T22:08:46+08:00 ] 127.0.0.1 /admin.php/Login/verify.html
INFO: [ app_init ] --START--
INFO: Run Behavior\BuildLiteBehavior [ RunTime:0.000031s ]
INFO: [ app_init ] --END-- [ RunTime:0.001214s ]
INFO: [ app_begin ] --START--
INFO: Run Behavior\ReadHtmlCacheBehavior [ RunTime:0.008616s ]
INFO: [ app_begin ] --END-- [ RunTime:0.008736s ]
INFO: [ app_end ] --START--
INFO: Run Behavior\ShowPageTraceBehavior [ RunTime:0.006057s ]
INFO: [ app_end ] --END-- [ RunTime:0.006238s ]

